{"/Users/takayukisuzuki/VYPER JAPAN Dropbox/Suzuki Takayuki/Cursor/Mailhub/lib/activityStore.ts": {"path":"/Users/takayukisuzuki/VYPER JAPAN Dropbox/Suzuki Takayuki/Cursor/Mailhub/lib/activityStore.ts","statementMap":{"0":{"start":{"line":16,"column":24},"end":{"line":16,"column":null}},"1":{"start":{"line":17,"column":36},"end":{"line":17,"column":null}},"2":{"start":{"line":21,"column":4},"end":{"line":21,"column":null}},"3":{"start":{"line":22,"column":4},"end":{"line":24,"column":null}},"4":{"start":{"line":23,"column":6},"end":{"line":23,"column":null}},"5":{"start":{"line":28,"column":15},"end":{"line":28,"column":null}},"6":{"start":{"line":30,"column":4},"end":{"line":32,"column":null}},"7":{"start":{"line":31,"column":6},"end":{"line":31,"column":null}},"8":{"start":{"line":31,"column":34},"end":{"line":31,"column":71}},"9":{"start":{"line":33,"column":4},"end":{"line":35,"column":null}},"10":{"start":{"line":34,"column":6},"end":{"line":34,"column":null}},"11":{"start":{"line":34,"column":34},"end":{"line":34,"column":63}},"12":{"start":{"line":37,"column":18},"end":{"line":37,"column":null}},"13":{"start":{"line":38,"column":4},"end":{"line":38,"column":null}},"14":{"start":{"line":42,"column":4},"end":{"line":42,"column":null}},"15":{"start":{"line":47,"column":6},"end":{"line":47,"column":null}},"16":{"start":{"line":51,"column":10},"end":{"line":51,"column":null}},"17":{"start":{"line":52,"column":4},"end":{"line":54,"column":null}},"18":{"start":{"line":53,"column":6},"end":{"line":53,"column":null}},"19":{"start":{"line":58,"column":4},"end":{"line":58,"column":null}},"20":{"start":{"line":59,"column":17},"end":{"line":59,"column":null}},"21":{"start":{"line":60,"column":4},"end":{"line":60,"column":null}},"22":{"start":{"line":64,"column":4},"end":{"line":64,"column":null}},"23":{"start":{"line":66,"column":4},"end":{"line":68,"column":null}},"24":{"start":{"line":67,"column":6},"end":{"line":67,"column":null}},"25":{"start":{"line":70,"column":20},"end":{"line":70,"column":null}},"26":{"start":{"line":71,"column":18},"end":{"line":71,"column":null}},"27":{"start":{"line":73,"column":32},"end":{"line":73,"column":null}},"28":{"start":{"line":74,"column":4},"end":{"line":81,"column":null}},"29":{"start":{"line":75,"column":6},"end":{"line":80,"column":null}},"30":{"start":{"line":76,"column":22},"end":{"line":76,"column":null}},"31":{"start":{"line":77,"column":8},"end":{"line":77,"column":null}},"32":{"start":{"line":83,"column":4},"end":{"line":83,"column":null}},"33":{"start":{"line":85,"column":4},"end":{"line":87,"column":null}},"34":{"start":{"line":86,"column":6},"end":{"line":86,"column":null}},"35":{"start":{"line":86,"column":34},"end":{"line":86,"column":71}},"36":{"start":{"line":88,"column":4},"end":{"line":90,"column":null}},"37":{"start":{"line":89,"column":6},"end":{"line":89,"column":null}},"38":{"start":{"line":89,"column":34},"end":{"line":89,"column":63}},"39":{"start":{"line":92,"column":18},"end":{"line":92,"column":null}},"40":{"start":{"line":93,"column":4},"end":{"line":93,"column":null}},"41":{"start":{"line":97,"column":4},"end":{"line":99,"column":null}},"42":{"start":{"line":98,"column":6},"end":{"line":98,"column":null}},"43":{"start":{"line":116,"column":4},"end":{"line":116,"column":null}},"44":{"start":{"line":117,"column":4},"end":{"line":117,"column":null}},"45":{"start":{"line":118,"column":4},"end":{"line":118,"column":null}},"46":{"start":{"line":119,"column":4},"end":{"line":119,"column":null}},"47":{"start":{"line":123,"column":23},"end":{"line":123,"column":null}},"48":{"start":{"line":124,"column":17},"end":{"line":128,"column":null}},"49":{"start":{"line":129,"column":4},"end":{"line":129,"column":null}},"50":{"start":{"line":133,"column":4},"end":{"line":196,"column":null}},"51":{"start":{"line":134,"column":21},"end":{"line":134,"column":null}},"52":{"start":{"line":137,"column":29},"end":{"line":139,"column":null}},"53":{"start":{"line":138,"column":8},"end":{"line":138,"column":null}},"54":{"start":{"line":138,"column":25},"end":{"line":138,"column":69}},"55":{"start":{"line":142,"column":6},"end":{"line":169,"column":null}},"56":{"start":{"line":143,"column":28},"end":{"line":146,"column":null}},"57":{"start":{"line":147,"column":8},"end":{"line":166,"column":null}},"58":{"start":{"line":148,"column":10},"end":{"line":165,"column":null}},"59":{"start":{"line":171,"column":6},"end":{"line":192,"column":null}},"60":{"start":{"line":195,"column":6},"end":{"line":195,"column":null}},"61":{"start":{"line":200,"column":4},"end":{"line":250,"column":null}},"62":{"start":{"line":201,"column":21},"end":{"line":201,"column":null}},"63":{"start":{"line":202,"column":23},"end":{"line":205,"column":null}},"64":{"start":{"line":207,"column":19},"end":{"line":207,"column":null}},"65":{"start":{"line":208,"column":6},"end":{"line":210,"column":null}},"66":{"start":{"line":209,"column":8},"end":{"line":209,"column":null}},"67":{"start":{"line":213,"column":23},"end":{"line":213,"column":null}},"68":{"start":{"line":215,"column":34},"end":{"line":215,"column":null}},"69":{"start":{"line":216,"column":6},"end":{"line":234,"column":null}},"70":{"start":{"line":217,"column":8},"end":{"line":217,"column":null}},"71":{"start":{"line":217,"column":28},"end":{"line":217,"column":null}},"72":{"start":{"line":219,"column":8},"end":{"line":233,"column":null}},"73":{"start":{"line":220,"column":28},"end":{"line":220,"column":null}},"74":{"start":{"line":221,"column":10},"end":{"line":221,"column":null}},"75":{"start":{"line":221,"column":41},"end":{"line":221,"column":null}},"76":{"start":{"line":222,"column":39},"end":{"line":229,"column":null}},"77":{"start":{"line":230,"column":10},"end":{"line":230,"column":null}},"78":{"start":{"line":236,"column":6},"end":{"line":236,"column":null}},"79":{"start":{"line":238,"column":6},"end":{"line":240,"column":null}},"80":{"start":{"line":239,"column":8},"end":{"line":239,"column":null}},"81":{"start":{"line":239,"column":36},"end":{"line":239,"column":73}},"82":{"start":{"line":241,"column":6},"end":{"line":243,"column":null}},"83":{"start":{"line":242,"column":8},"end":{"line":242,"column":null}},"84":{"start":{"line":242,"column":36},"end":{"line":242,"column":65}},"85":{"start":{"line":245,"column":20},"end":{"line":245,"column":null}},"86":{"start":{"line":246,"column":6},"end":{"line":246,"column":null}},"87":{"start":{"line":248,"column":6},"end":{"line":248,"column":null}},"88":{"start":{"line":249,"column":6},"end":{"line":249,"column":null}},"89":{"start":{"line":260,"column":42},"end":{"line":260,"column":null}},"90":{"start":{"line":263,"column":2},"end":{"line":263,"column":null}},"91":{"start":{"line":267,"column":20},"end":{"line":267,"column":null}},"92":{"start":{"line":268,"column":2},"end":{"line":268,"column":null}},"93":{"start":{"line":268,"column":28},"end":{"line":268,"column":null}},"94":{"start":{"line":269,"column":2},"end":{"line":275,"column":null}},"95":{"start":{"line":270,"column":26},"end":{"line":270,"column":null}},"96":{"start":{"line":271,"column":24},"end":{"line":271,"column":null}},"97":{"start":{"line":272,"column":23},"end":{"line":272,"column":null}},"98":{"start":{"line":273,"column":4},"end":{"line":273,"column":null}},"99":{"start":{"line":273,"column":52},"end":{"line":273,"column":null}},"100":{"start":{"line":274,"column":4},"end":{"line":274,"column":null}},"101":{"start":{"line":276,"column":2},"end":{"line":276,"column":null}},"102":{"start":{"line":280,"column":2},"end":{"line":284,"column":null}},"103":{"start":{"line":288,"column":2},"end":{"line":290,"column":null}},"104":{"start":{"line":289,"column":4},"end":{"line":289,"column":null}},"105":{"start":{"line":292,"column":20},"end":{"line":292,"column":null}},"106":{"start":{"line":294,"column":2},"end":{"line":310,"column":null}},"107":{"start":{"line":295,"column":4},"end":{"line":295,"column":null}},"108":{"start":{"line":296,"column":2},"end":{"line":310,"column":null}},"109":{"start":{"line":297,"column":26},"end":{"line":297,"column":null}},"110":{"start":{"line":298,"column":24},"end":{"line":298,"column":null}},"111":{"start":{"line":299,"column":23},"end":{"line":299,"column":null}},"112":{"start":{"line":300,"column":22},"end":{"line":300,"column":null}},"113":{"start":{"line":302,"column":4},"end":{"line":307,"column":null}},"114":{"start":{"line":303,"column":6},"end":{"line":303,"column":null}},"115":{"start":{"line":304,"column":6},"end":{"line":304,"column":null}},"116":{"start":{"line":306,"column":6},"end":{"line":306,"column":null}},"117":{"start":{"line":309,"column":4},"end":{"line":309,"column":null}},"118":{"start":{"line":312,"column":2},"end":{"line":312,"column":null}}},"fnMap":{"0":{"name":"(anonymous_0)","decl":{"start":{"line":20,"column":8},"end":{"line":20,"column":15}},"loc":{"start":{"line":20,"column":52},"end":{"line":25,"column":null}},"line":20},"1":{"name":"(anonymous_1)","decl":{"start":{"line":27,"column":8},"end":{"line":27,"column":13}},"loc":{"start":{"line":27,"column":107},"end":{"line":39,"column":null}},"line":27},"2":{"name":"(anonymous_2)","decl":{"start":{"line":31,"column":25},"end":{"line":31,"column":26}},"loc":{"start":{"line":31,"column":34},"end":{"line":31,"column":71}},"line":31},"3":{"name":"(anonymous_3)","decl":{"start":{"line":34,"column":25},"end":{"line":34,"column":26}},"loc":{"start":{"line":34,"column":34},"end":{"line":34,"column":63}},"line":34},"4":{"name":"(anonymous_4)","decl":{"start":{"line":41,"column":8},"end":{"line":41,"column":31}},"loc":{"start":{"line":41,"column":31},"end":{"line":43,"column":null}},"line":41},"5":{"name":"(anonymous_5)","decl":{"start":{"line":50,"column":16},"end":{"line":50,"column":43}},"loc":{"start":{"line":50,"column":43},"end":{"line":55,"column":null}},"line":50},"6":{"name":"(anonymous_6)","decl":{"start":{"line":57,"column":8},"end":{"line":57,"column":15}},"loc":{"start":{"line":57,"column":52},"end":{"line":61,"column":null}},"line":57},"7":{"name":"(anonymous_7)","decl":{"start":{"line":63,"column":8},"end":{"line":63,"column":13}},"loc":{"start":{"line":63,"column":107},"end":{"line":94,"column":null}},"line":63},"8":{"name":"(anonymous_8)","decl":{"start":{"line":86,"column":25},"end":{"line":86,"column":26}},"loc":{"start":{"line":86,"column":34},"end":{"line":86,"column":71}},"line":86},"9":{"name":"(anonymous_9)","decl":{"start":{"line":89,"column":25},"end":{"line":89,"column":26}},"loc":{"start":{"line":89,"column":34},"end":{"line":89,"column":63}},"line":89},"10":{"name":"(anonymous_10)","decl":{"start":{"line":96,"column":8},"end":{"line":96,"column":31}},"loc":{"start":{"line":96,"column":31},"end":{"line":100,"column":null}},"line":96},"11":{"name":"(anonymous_11)","decl":{"start":{"line":110,"column":2},"end":{"line":110,"column":null}},"loc":{"start":{"line":115,"column":4},"end":{"line":120,"column":null}},"line":115},"12":{"name":"(anonymous_12)","decl":{"start":{"line":122,"column":16},"end":{"line":122,"column":34}},"loc":{"start":{"line":122,"column":34},"end":{"line":130,"column":null}},"line":122},"13":{"name":"(anonymous_13)","decl":{"start":{"line":132,"column":8},"end":{"line":132,"column":15}},"loc":{"start":{"line":132,"column":52},"end":{"line":197,"column":null}},"line":132},"14":{"name":"(anonymous_14)","decl":{"start":{"line":137,"column":41},"end":{"line":137,"column":42}},"loc":{"start":{"line":138,"column":8},"end":{"line":138,"column":null}},"line":138},"15":{"name":"(anonymous_15)","decl":{"start":{"line":138,"column":19},"end":{"line":138,"column":25}},"loc":{"start":{"line":138,"column":25},"end":{"line":138,"column":69}},"line":138},"16":{"name":"(anonymous_16)","decl":{"start":{"line":199,"column":8},"end":{"line":199,"column":13}},"loc":{"start":{"line":199,"column":107},"end":{"line":251,"column":null}},"line":199},"17":{"name":"(anonymous_17)","decl":{"start":{"line":239,"column":27},"end":{"line":239,"column":28}},"loc":{"start":{"line":239,"column":36},"end":{"line":239,"column":73}},"line":239},"18":{"name":"(anonymous_18)","decl":{"start":{"line":242,"column":27},"end":{"line":242,"column":28}},"loc":{"start":{"line":242,"column":36},"end":{"line":242,"column":65}},"line":242},"19":{"name":"(anonymous_19)","decl":{"start":{"line":253,"column":8},"end":{"line":253,"column":31}},"loc":{"start":{"line":253,"column":31},"end":{"line":256,"column":null}},"line":253},"20":{"name":"getRequestedActivityStoreType","decl":{"start":{"line":262,"column":16},"end":{"line":262,"column":56}},"loc":{"start":{"line":262,"column":56},"end":{"line":264,"column":null}},"line":262},"21":{"name":"getResolvedActivityStoreType","decl":{"start":{"line":266,"column":16},"end":{"line":266,"column":66}},"loc":{"start":{"line":266,"column":66},"end":{"line":277,"column":null}},"line":266},"22":{"name":"getActivitySheetsConfigured","decl":{"start":{"line":279,"column":16},"end":{"line":279,"column":55}},"loc":{"start":{"line":279,"column":55},"end":{"line":285,"column":null}},"line":279},"23":{"name":"getActivityStore","decl":{"start":{"line":287,"column":16},"end":{"line":287,"column":50}},"loc":{"start":{"line":287,"column":50},"end":{"line":313,"column":null}},"line":287}},"branchMap":{"0":{"loc":{"start":{"line":22,"column":4},"end":{"line":24,"column":null}},"type":"if","locations":[{"start":{"line":22,"column":4},"end":{"line":24,"column":null}},{"start":{},"end":{}}],"line":22},"1":{"loc":{"start":{"line":30,"column":4},"end":{"line":32,"column":null}},"type":"if","locations":[{"start":{"line":30,"column":4},"end":{"line":32,"column":null}},{"start":{},"end":{}}],"line":30},"2":{"loc":{"start":{"line":33,"column":4},"end":{"line":35,"column":null}},"type":"if","locations":[{"start":{"line":33,"column":4},"end":{"line":35,"column":null}},{"start":{},"end":{}}],"line":33},"3":{"loc":{"start":{"line":37,"column":18},"end":{"line":37,"column":null}},"type":"binary-expr","locations":[{"start":{"line":37,"column":18},"end":{"line":37,"column":36}},{"start":{"line":37,"column":36},"end":{"line":37,"column":null}}],"line":37},"4":{"loc":{"start":{"line":52,"column":4},"end":{"line":54,"column":null}},"type":"if","locations":[{"start":{"line":52,"column":4},"end":{"line":54,"column":null}},{"start":{},"end":{}}],"line":52},"5":{"loc":{"start":{"line":66,"column":4},"end":{"line":68,"column":null}},"type":"if","locations":[{"start":{"line":66,"column":4},"end":{"line":68,"column":null}},{"start":{},"end":{}}],"line":66},"6":{"loc":{"start":{"line":85,"column":4},"end":{"line":87,"column":null}},"type":"if","locations":[{"start":{"line":85,"column":4},"end":{"line":87,"column":null}},{"start":{},"end":{}}],"line":85},"7":{"loc":{"start":{"line":88,"column":4},"end":{"line":90,"column":null}},"type":"if","locations":[{"start":{"line":88,"column":4},"end":{"line":90,"column":null}},{"start":{},"end":{}}],"line":88},"8":{"loc":{"start":{"line":92,"column":18},"end":{"line":92,"column":null}},"type":"binary-expr","locations":[{"start":{"line":92,"column":18},"end":{"line":92,"column":36}},{"start":{"line":92,"column":36},"end":{"line":92,"column":null}}],"line":92},"9":{"loc":{"start":{"line":97,"column":4},"end":{"line":99,"column":null}},"type":"if","locations":[{"start":{"line":97,"column":4},"end":{"line":99,"column":null}},{"start":{},"end":{}}],"line":97},"10":{"loc":{"start":{"line":114,"column":4},"end":{"line":114,"column":null}},"type":"default-arg","locations":[{"start":{"line":114,"column":24},"end":{"line":114,"column":null}}],"line":114},"11":{"loc":{"start":{"line":147,"column":8},"end":{"line":166,"column":null}},"type":"if","locations":[{"start":{"line":147,"column":8},"end":{"line":166,"column":null}},{"start":{},"end":{}}],"line":147},"12":{"loc":{"start":{"line":147,"column":12},"end":{"line":147,"column":78}},"type":"binary-expr","locations":[{"start":{"line":147,"column":12},"end":{"line":147,"column":40}},{"start":{"line":147,"column":40},"end":{"line":147,"column":78}}],"line":147},"13":{"loc":{"start":{"line":186,"column":14},"end":{"line":186,"column":null}},"type":"binary-expr","locations":[{"start":{"line":186,"column":14},"end":{"line":186,"column":29}},{"start":{"line":186,"column":29},"end":{"line":186,"column":null}}],"line":186},"14":{"loc":{"start":{"line":187,"column":29},"end":{"line":187,"column":49}},"type":"binary-expr","locations":[{"start":{"line":187,"column":29},"end":{"line":187,"column":47}},{"start":{"line":187,"column":47},"end":{"line":187,"column":49}}],"line":187},"15":{"loc":{"start":{"line":207,"column":19},"end":{"line":207,"column":null}},"type":"binary-expr","locations":[{"start":{"line":207,"column":19},"end":{"line":207,"column":43}},{"start":{"line":207,"column":43},"end":{"line":207,"column":null}}],"line":207},"16":{"loc":{"start":{"line":208,"column":6},"end":{"line":210,"column":null}},"type":"if","locations":[{"start":{"line":208,"column":6},"end":{"line":210,"column":null}},{"start":{},"end":{}}],"line":208},"17":{"loc":{"start":{"line":217,"column":8},"end":{"line":217,"column":null}},"type":"if","locations":[{"start":{"line":217,"column":8},"end":{"line":217,"column":null}},{"start":{},"end":{}}],"line":217},"18":{"loc":{"start":{"line":220,"column":35},"end":{"line":220,"column":47}},"type":"binary-expr","locations":[{"start":{"line":220,"column":35},"end":{"line":220,"column":45}},{"start":{"line":220,"column":45},"end":{"line":220,"column":47}}],"line":220},"19":{"loc":{"start":{"line":221,"column":10},"end":{"line":221,"column":null}},"type":"if","locations":[{"start":{"line":221,"column":10},"end":{"line":221,"column":null}},{"start":{},"end":{}}],"line":221},"20":{"loc":{"start":{"line":223,"column":23},"end":{"line":223,"column":null}},"type":"binary-expr","locations":[{"start":{"line":223,"column":23},"end":{"line":223,"column":33}},{"start":{"line":223,"column":33},"end":{"line":223,"column":null}}],"line":223},"21":{"loc":{"start":{"line":224,"column":24},"end":{"line":224,"column":null}},"type":"binary-expr","locations":[{"start":{"line":224,"column":24},"end":{"line":224,"column":34}},{"start":{"line":224,"column":34},"end":{"line":224,"column":null}}],"line":224},"22":{"loc":{"start":{"line":226,"column":23},"end":{"line":226,"column":null}},"type":"binary-expr","locations":[{"start":{"line":226,"column":23},"end":{"line":226,"column":33}},{"start":{"line":226,"column":33},"end":{"line":226,"column":null}}],"line":226},"23":{"loc":{"start":{"line":227,"column":19},"end":{"line":227,"column":null}},"type":"binary-expr","locations":[{"start":{"line":227,"column":19},"end":{"line":227,"column":29}},{"start":{"line":227,"column":29},"end":{"line":227,"column":null}}],"line":227},"24":{"loc":{"start":{"line":228,"column":22},"end":{"line":228,"column":null}},"type":"cond-expr","locations":[{"start":{"line":228,"column":31},"end":{"line":228,"column":52}},{"start":{"line":228,"column":52},"end":{"line":228,"column":null}}],"line":228},"25":{"loc":{"start":{"line":238,"column":6},"end":{"line":240,"column":null}},"type":"if","locations":[{"start":{"line":238,"column":6},"end":{"line":240,"column":null}},{"start":{},"end":{}}],"line":238},"26":{"loc":{"start":{"line":241,"column":6},"end":{"line":243,"column":null}},"type":"if","locations":[{"start":{"line":241,"column":6},"end":{"line":243,"column":null}},{"start":{},"end":{}}],"line":241},"27":{"loc":{"start":{"line":245,"column":20},"end":{"line":245,"column":null}},"type":"binary-expr","locations":[{"start":{"line":245,"column":20},"end":{"line":245,"column":38}},{"start":{"line":245,"column":38},"end":{"line":245,"column":null}}],"line":245},"28":{"loc":{"start":{"line":263,"column":10},"end":{"line":263,"column":58}},"type":"binary-expr","locations":[{"start":{"line":263,"column":10},"end":{"line":263,"column":48}},{"start":{"line":263,"column":48},"end":{"line":263,"column":58}}],"line":263},"29":{"loc":{"start":{"line":268,"column":2},"end":{"line":268,"column":null}},"type":"if","locations":[{"start":{"line":268,"column":2},"end":{"line":268,"column":null}},{"start":{},"end":{}}],"line":268},"30":{"loc":{"start":{"line":269,"column":2},"end":{"line":275,"column":null}},"type":"if","locations":[{"start":{"line":269,"column":2},"end":{"line":275,"column":null}},{"start":{},"end":{}}],"line":269},"31":{"loc":{"start":{"line":273,"column":4},"end":{"line":273,"column":null}},"type":"if","locations":[{"start":{"line":273,"column":4},"end":{"line":273,"column":null}},{"start":{},"end":{}}],"line":273},"32":{"loc":{"start":{"line":273,"column":8},"end":{"line":273,"column":52}},"type":"binary-expr","locations":[{"start":{"line":273,"column":8},"end":{"line":273,"column":25}},{"start":{"line":273,"column":25},"end":{"line":273,"column":40}},{"start":{"line":273,"column":40},"end":{"line":273,"column":52}}],"line":273},"33":{"loc":{"start":{"line":281,"column":4},"end":{"line":283,"column":null}},"type":"binary-expr","locations":[{"start":{"line":281,"column":4},"end":{"line":281,"column":null}},{"start":{"line":282,"column":6},"end":{"line":282,"column":null}},{"start":{"line":283,"column":6},"end":{"line":283,"column":null}}],"line":281},"34":{"loc":{"start":{"line":288,"column":2},"end":{"line":290,"column":null}},"type":"if","locations":[{"start":{"line":288,"column":2},"end":{"line":290,"column":null}},{"start":{},"end":{}}],"line":288},"35":{"loc":{"start":{"line":294,"column":2},"end":{"line":310,"column":null}},"type":"if","locations":[{"start":{"line":294,"column":2},"end":{"line":310,"column":null}},{"start":{"line":296,"column":2},"end":{"line":310,"column":null}}],"line":294},"36":{"loc":{"start":{"line":296,"column":2},"end":{"line":310,"column":null}},"type":"if","locations":[{"start":{"line":296,"column":2},"end":{"line":310,"column":null}},{"start":{"line":308,"column":9},"end":{"line":310,"column":null}}],"line":296},"37":{"loc":{"start":{"line":300,"column":22},"end":{"line":300,"column":null}},"type":"binary-expr","locations":[{"start":{"line":300,"column":22},"end":{"line":300,"column":63}},{"start":{"line":300,"column":63},"end":{"line":300,"column":null}}],"line":300},"38":{"loc":{"start":{"line":302,"column":4},"end":{"line":307,"column":null}},"type":"if","locations":[{"start":{"line":302,"column":4},"end":{"line":307,"column":null}},{"start":{"line":305,"column":11},"end":{"line":307,"column":null}}],"line":302},"39":{"loc":{"start":{"line":302,"column":8},"end":{"line":302,"column":55}},"type":"binary-expr","locations":[{"start":{"line":302,"column":8},"end":{"line":302,"column":26}},{"start":{"line":302,"column":26},"end":{"line":302,"column":42}},{"start":{"line":302,"column":42},"end":{"line":302,"column":55}}],"line":302}},"s":{"0":8,"1":8,"2":205,"3":205,"4":5,"5":5,"6":5,"7":1,"8":200,"9":5,"10":1,"11":200,"12":5,"13":5,"14":2,"15":8,"16":7,"17":7,"18":0,"19":2,"20":2,"21":2,"22":5,"23":5,"24":1,"25":4,"26":4,"27":4,"28":4,"29":9,"30":9,"31":9,"32":4,"33":4,"34":1,"35":2,"36":4,"37":1,"38":2,"39":4,"40":5,"41":2,"42":1,"43":4,"44":4,"45":4,"46":4,"47":0,"48":0,"49":0,"50":2,"51":2,"52":1,"53":1,"54":0,"55":1,"56":1,"57":1,"58":1,"59":1,"60":1,"61":2,"62":2,"63":1,"64":1,"65":2,"66":0,"67":1,"68":1,"69":1,"70":3,"71":1,"72":2,"73":2,"74":3,"75":1,"76":1,"77":3,"78":1,"79":1,"80":1,"81":1,"82":1,"83":1,"84":1,"85":1,"86":2,"87":1,"88":1,"89":8,"90":8,"91":2,"92":2,"93":0,"94":2,"95":2,"96":2,"97":2,"98":2,"99":1,"100":1,"101":0,"102":2,"103":5,"104":1,"105":4,"106":4,"107":1,"108":3,"109":2,"110":2,"111":2,"112":2,"113":2,"114":1,"115":1,"116":1,"117":1,"118":4},"f":{"0":205,"1":5,"2":200,"3":200,"4":2,"5":7,"6":2,"7":5,"8":2,"9":2,"10":2,"11":4,"12":0,"13":2,"14":1,"15":0,"16":2,"17":1,"18":1,"19":0,"20":8,"21":2,"22":2,"23":5},"b":{"0":[5,200],"1":[1,4],"2":[1,4],"3":[5,4],"4":[0,7],"5":[1,4],"6":[1,3],"7":[1,3],"8":[4,4],"9":[1,1],"10":[4],"11":[1,0],"12":[1,1],"13":[1,1],"14":[2,0],"15":[1,0],"16":[0,2],"17":[1,2],"18":[2,0],"19":[1,2],"20":[1,0],"21":[3,0],"22":[3,0],"23":[3,0],"24":[1,0],"25":[1,0],"26":[1,0],"27":[1,0],"28":[8,1],"29":[0,2],"30":[2,0],"31":[1,1],"32":[2,1,1],"33":[2,1,1],"34":[1,4],"35":[1,3],"36":[2,1],"37":[2,1],"38":[1,1],"39":[2,1,1]},"meta":{"lastBranch":40,"lastFunction":24,"lastStatement":119,"seen":{"s:16:24:16:Infinity":0,"s:17:36:17:Infinity":1,"f:20:8:20:15":0,"s:21:4:21:Infinity":2,"b:22:4:24:Infinity:undefined:undefined:undefined:undefined":0,"s:22:4:24:Infinity":3,"s:23:6:23:Infinity":4,"f:27:8:27:13":1,"s:28:15:28:Infinity":5,"b:30:4:32:Infinity:undefined:undefined:undefined:undefined":1,"s:30:4:32:Infinity":6,"s:31:6:31:Infinity":7,"f:31:25:31:26":2,"s:31:34:31:71":8,"b:33:4:35:Infinity:undefined:undefined:undefined:undefined":2,"s:33:4:35:Infinity":9,"s:34:6:34:Infinity":10,"f:34:25:34:26":3,"s:34:34:34:63":11,"s:37:18:37:Infinity":12,"b:37:18:37:36:37:36:37:Infinity":3,"s:38:4:38:Infinity":13,"f:41:8:41:31":4,"s:42:4:42:Infinity":14,"s:47:6:47:Infinity":15,"f:50:16:50:43":5,"s:51:10:51:Infinity":16,"b:52:4:54:Infinity:undefined:undefined:undefined:undefined":4,"s:52:4:54:Infinity":17,"s:53:6:53:Infinity":18,"f:57:8:57:15":6,"s:58:4:58:Infinity":19,"s:59:17:59:Infinity":20,"s:60:4:60:Infinity":21,"f:63:8:63:13":7,"s:64:4:64:Infinity":22,"b:66:4:68:Infinity:undefined:undefined:undefined:undefined":5,"s:66:4:68:Infinity":23,"s:67:6:67:Infinity":24,"s:70:20:70:Infinity":25,"s:71:18:71:Infinity":26,"s:73:32:73:Infinity":27,"s:74:4:81:Infinity":28,"s:75:6:80:Infinity":29,"s:76:22:76:Infinity":30,"s:77:8:77:Infinity":31,"s:83:4:83:Infinity":32,"b:85:4:87:Infinity:undefined:undefined:undefined:undefined":6,"s:85:4:87:Infinity":33,"s:86:6:86:Infinity":34,"f:86:25:86:26":8,"s:86:34:86:71":35,"b:88:4:90:Infinity:undefined:undefined:undefined:undefined":7,"s:88:4:90:Infinity":36,"s:89:6:89:Infinity":37,"f:89:25:89:26":9,"s:89:34:89:63":38,"s:92:18:92:Infinity":39,"b:92:18:92:36:92:36:92:Infinity":8,"s:93:4:93:Infinity":40,"f:96:8:96:31":10,"b:97:4:99:Infinity:undefined:undefined:undefined:undefined":9,"s:97:4:99:Infinity":41,"s:98:6:98:Infinity":42,"f:110:2:110:Infinity":11,"b:114:24:114:Infinity":10,"s:116:4:116:Infinity":43,"s:117:4:117:Infinity":44,"s:118:4:118:Infinity":45,"s:119:4:119:Infinity":46,"f:122:16:122:34":12,"s:123:23:123:Infinity":47,"s:124:17:128:Infinity":48,"s:129:4:129:Infinity":49,"f:132:8:132:15":13,"s:133:4:196:Infinity":50,"s:134:21:134:Infinity":51,"s:137:29:139:Infinity":52,"f:137:41:137:42":14,"s:138:8:138:Infinity":53,"f:138:19:138:25":15,"s:138:25:138:69":54,"s:142:6:169:Infinity":55,"s:143:28:146:Infinity":56,"b:147:8:166:Infinity:undefined:undefined:undefined:undefined":11,"s:147:8:166:Infinity":57,"b:147:12:147:40:147:40:147:78":12,"s:148:10:165:Infinity":58,"s:171:6:192:Infinity":59,"b:186:14:186:29:186:29:186:Infinity":13,"b:187:29:187:47:187:47:187:49":14,"s:195:6:195:Infinity":60,"f:199:8:199:13":16,"s:200:4:250:Infinity":61,"s:201:21:201:Infinity":62,"s:202:23:205:Infinity":63,"s:207:19:207:Infinity":64,"b:207:19:207:43:207:43:207:Infinity":15,"b:208:6:210:Infinity:undefined:undefined:undefined:undefined":16,"s:208:6:210:Infinity":65,"s:209:8:209:Infinity":66,"s:213:23:213:Infinity":67,"s:215:34:215:Infinity":68,"s:216:6:234:Infinity":69,"b:217:8:217:Infinity:undefined:undefined:undefined:undefined":17,"s:217:8:217:Infinity":70,"s:217:28:217:Infinity":71,"s:219:8:233:Infinity":72,"s:220:28:220:Infinity":73,"b:220:35:220:45:220:45:220:47":18,"b:221:10:221:Infinity:undefined:undefined:undefined:undefined":19,"s:221:10:221:Infinity":74,"s:221:41:221:Infinity":75,"s:222:39:229:Infinity":76,"b:223:23:223:33:223:33:223:Infinity":20,"b:224:24:224:34:224:34:224:Infinity":21,"b:226:23:226:33:226:33:226:Infinity":22,"b:227:19:227:29:227:29:227:Infinity":23,"b:228:31:228:52:228:52:228:Infinity":24,"s:230:10:230:Infinity":77,"s:236:6:236:Infinity":78,"b:238:6:240:Infinity:undefined:undefined:undefined:undefined":25,"s:238:6:240:Infinity":79,"s:239:8:239:Infinity":80,"f:239:27:239:28":17,"s:239:36:239:73":81,"b:241:6:243:Infinity:undefined:undefined:undefined:undefined":26,"s:241:6:243:Infinity":82,"s:242:8:242:Infinity":83,"f:242:27:242:28":18,"s:242:36:242:65":84,"s:245:20:245:Infinity":85,"b:245:20:245:38:245:38:245:Infinity":27,"s:246:6:246:Infinity":86,"s:248:6:248:Infinity":87,"s:249:6:249:Infinity":88,"f:253:8:253:31":19,"s:260:42:260:Infinity":89,"f:262:16:262:56":20,"s:263:2:263:Infinity":90,"b:263:10:263:48:263:48:263:58":28,"f:266:16:266:66":21,"s:267:20:267:Infinity":91,"b:268:2:268:Infinity:undefined:undefined:undefined:undefined":29,"s:268:2:268:Infinity":92,"s:268:28:268:Infinity":93,"b:269:2:275:Infinity:undefined:undefined:undefined:undefined":30,"s:269:2:275:Infinity":94,"s:270:26:270:Infinity":95,"s:271:24:271:Infinity":96,"s:272:23:272:Infinity":97,"b:273:4:273:Infinity:undefined:undefined:undefined:undefined":31,"s:273:4:273:Infinity":98,"b:273:8:273:25:273:25:273:40:273:40:273:52":32,"s:273:52:273:Infinity":99,"s:274:4:274:Infinity":100,"s:276:2:276:Infinity":101,"f:279:16:279:55":22,"s:280:2:284:Infinity":102,"b:281:4:281:Infinity:282:6:282:Infinity:283:6:283:Infinity":33,"f:287:16:287:50":23,"b:288:2:290:Infinity:undefined:undefined:undefined:undefined":34,"s:288:2:290:Infinity":103,"s:289:4:289:Infinity":104,"s:292:20:292:Infinity":105,"b:294:2:310:Infinity:296:2:310:Infinity":35,"s:294:2:310:Infinity":106,"s:295:4:295:Infinity":107,"b:296:2:310:Infinity:308:9:310:Infinity":36,"s:296:2:310:Infinity":108,"s:297:26:297:Infinity":109,"s:298:24:298:Infinity":110,"s:299:23:299:Infinity":111,"s:300:22:300:Infinity":112,"b:300:22:300:63:300:63:300:Infinity":37,"b:302:4:307:Infinity:305:11:307:Infinity":38,"s:302:4:307:Infinity":113,"b:302:8:302:26:302:26:302:42:302:42:302:55":39,"s:303:6:303:Infinity":114,"s:304:6:304:Infinity":115,"s:306:6:306:Infinity":116,"s:309:4:309:Infinity":117,"s:312:2:312:Infinity":118}}}
,"/Users/takayukisuzuki/VYPER JAPAN Dropbox/Suzuki Takayuki/Cursor/Mailhub/lib/admin.ts": {"path":"/Users/takayukisuzuki/VYPER JAPAN Dropbox/Suzuki Takayuki/Cursor/Mailhub/lib/admin.ts","statementMap":{"0":{"start":{"line":4,"column":8},"end":{"line":4,"column":null}},"1":{"start":{"line":5,"column":2},"end":{"line":5,"column":null}},"2":{"start":{"line":5,"column":12},"end":{"line":5,"column":null}},"3":{"start":{"line":6,"column":2},"end":{"line":11,"column":null}},"4":{"start":{"line":9,"column":18},"end":{"line":9,"column":40}},"5":{"start":{"line":10,"column":21},"end":{"line":10,"column":36}},"6":{"start":{"line":20,"column":2},"end":{"line":20,"column":null}},"7":{"start":{"line":20,"column":20},"end":{"line":20,"column":null}},"8":{"start":{"line":21,"column":17},"end":{"line":21,"column":null}},"9":{"start":{"line":22,"column":2},"end":{"line":22,"column":null}},"10":{"start":{"line":26,"column":2},"end":{"line":28,"column":null}},"11":{"start":{"line":27,"column":4},"end":{"line":27,"column":null}},"12":{"start":{"line":37,"column":8},"end":{"line":37,"column":null}},"13":{"start":{"line":38,"column":16},"end":{"line":38,"column":null}},"14":{"start":{"line":38,"column":48},"end":{"line":38,"column":56}},"15":{"start":{"line":39,"column":21},"end":{"line":39,"column":null}},"16":{"start":{"line":39,"column":54},"end":{"line":39,"column":69}},"17":{"start":{"line":40,"column":18},"end":{"line":40,"column":null}},"18":{"start":{"line":40,"column":43},"end":{"line":40,"column":59}},"19":{"start":{"line":41,"column":17},"end":{"line":41,"column":null}},"20":{"start":{"line":41,"column":42},"end":{"line":41,"column":86}},"21":{"start":{"line":42,"column":2},"end":{"line":42,"column":null}}},"fnMap":{"0":{"name":"parseAdminsCsv","decl":{"start":{"line":3,"column":9},"end":{"line":3,"column":24}},"loc":{"start":{"line":3,"column":62},"end":{"line":12,"column":null}},"line":3},"1":{"name":"(anonymous_1)","decl":{"start":{"line":9,"column":11},"end":{"line":9,"column":12}},"loc":{"start":{"line":9,"column":18},"end":{"line":9,"column":40}},"line":9},"2":{"name":"(anonymous_2)","decl":{"start":{"line":10,"column":14},"end":{"line":10,"column":15}},"loc":{"start":{"line":10,"column":21},"end":{"line":10,"column":36}},"line":10},"3":{"name":"isAdminEmail","decl":{"start":{"line":19,"column":16},"end":{"line":19,"column":29}},"loc":{"start":{"line":19,"column":53},"end":{"line":23,"column":null}},"line":19},"4":{"name":"requireAdminOrThrow","decl":{"start":{"line":25,"column":16},"end":{"line":25,"column":36}},"loc":{"start":{"line":25,"column":61},"end":{"line":29,"column":null}},"line":25},"5":{"name":"getAdminDiagnostics","decl":{"start":{"line":31,"column":16},"end":{"line":31,"column":null}},"loc":{"start":{"line":36,"column":2},"end":{"line":43,"column":null}},"line":36},"6":{"name":"(anonymous_6)","decl":{"start":{"line":38,"column":41},"end":{"line":38,"column":42}},"loc":{"start":{"line":38,"column":48},"end":{"line":38,"column":56}},"line":38},"7":{"name":"(anonymous_7)","decl":{"start":{"line":39,"column":47},"end":{"line":39,"column":48}},"loc":{"start":{"line":39,"column":54},"end":{"line":39,"column":69}},"line":39},"8":{"name":"(anonymous_8)","decl":{"start":{"line":40,"column":36},"end":{"line":40,"column":37}},"loc":{"start":{"line":40,"column":43},"end":{"line":40,"column":59}},"line":40},"9":{"name":"(anonymous_9)","decl":{"start":{"line":41,"column":35},"end":{"line":41,"column":36}},"loc":{"start":{"line":41,"column":42},"end":{"line":41,"column":86}},"line":41}},"branchMap":{"0":{"loc":{"start":{"line":4,"column":15},"end":{"line":4,"column":26}},"type":"binary-expr","locations":[{"start":{"line":4,"column":15},"end":{"line":4,"column":22}},{"start":{"line":4,"column":22},"end":{"line":4,"column":26}}],"line":4},"1":{"loc":{"start":{"line":5,"column":2},"end":{"line":5,"column":null}},"type":"if","locations":[{"start":{"line":5,"column":2},"end":{"line":5,"column":null}},{"start":{},"end":{}}],"line":5},"2":{"loc":{"start":{"line":20,"column":2},"end":{"line":20,"column":null}},"type":"if","locations":[{"start":{"line":20,"column":2},"end":{"line":20,"column":null}},{"start":{},"end":{}}],"line":20},"3":{"loc":{"start":{"line":26,"column":2},"end":{"line":28,"column":null}},"type":"if","locations":[{"start":{"line":26,"column":2},"end":{"line":28,"column":null}},{"start":{},"end":{}}],"line":26},"4":{"loc":{"start":{"line":37,"column":15},"end":{"line":37,"column":49}},"type":"binary-expr","locations":[{"start":{"line":37,"column":15},"end":{"line":37,"column":45}},{"start":{"line":37,"column":45},"end":{"line":37,"column":49}}],"line":37},"5":{"loc":{"start":{"line":38,"column":16},"end":{"line":38,"column":null}},"type":"cond-expr","locations":[{"start":{"line":38,"column":22},"end":{"line":38,"column":60}},{"start":{"line":38,"column":60},"end":{"line":38,"column":null}}],"line":38},"6":{"loc":{"start":{"line":41,"column":42},"end":{"line":41,"column":86}},"type":"binary-expr","locations":[{"start":{"line":41,"column":42},"end":{"line":41,"column":61}},{"start":{"line":41,"column":61},"end":{"line":41,"column":86}}],"line":41}},"s":{"0":8,"1":8,"2":0,"3":8,"4":11,"5":11,"6":9,"7":1,"8":8,"9":8,"10":2,"11":1,"12":1,"13":1,"14":4,"15":1,"16":3,"17":1,"18":3,"19":1,"20":3,"21":1},"f":{"0":8,"1":11,"2":11,"3":9,"4":2,"5":1,"6":4,"7":3,"8":3,"9":3},"b":{"0":[8,0],"1":[0,8],"2":[1,8],"3":[1,1],"4":[1,0],"5":[1,0],"6":[3,2]},"meta":{"lastBranch":7,"lastFunction":10,"lastStatement":22,"seen":{"f:3:9:3:24":0,"s:4:8:4:Infinity":0,"b:4:15:4:22:4:22:4:26":0,"b:5:2:5:Infinity:undefined:undefined:undefined:undefined":1,"s:5:2:5:Infinity":1,"s:5:12:5:Infinity":2,"s:6:2:11:Infinity":3,"f:9:11:9:12":1,"s:9:18:9:40":4,"f:10:14:10:15":2,"s:10:21:10:36":5,"f:19:16:19:29":3,"b:20:2:20:Infinity:undefined:undefined:undefined:undefined":2,"s:20:2:20:Infinity":6,"s:20:20:20:Infinity":7,"s:21:17:21:Infinity":8,"s:22:2:22:Infinity":9,"f:25:16:25:36":4,"b:26:2:28:Infinity:undefined:undefined:undefined:undefined":3,"s:26:2:28:Infinity":10,"s:27:4:27:Infinity":11,"f:31:16:31:Infinity":5,"s:37:8:37:Infinity":12,"b:37:15:37:45:37:45:37:49":4,"s:38:16:38:Infinity":13,"b:38:22:38:60:38:60:38:Infinity":5,"f:38:41:38:42":6,"s:38:48:38:56":14,"s:39:21:39:Infinity":15,"f:39:47:39:48":7,"s:39:54:39:69":16,"s:40:18:40:Infinity":17,"f:40:36:40:37":8,"s:40:43:40:59":18,"s:41:17:41:Infinity":19,"f:41:35:41:36":9,"s:41:42:41:86":20,"b:41:42:41:61:41:61:41:86":6,"s:42:2:42:Infinity":21}}}
,"/Users/takayukisuzuki/VYPER JAPAN Dropbox/Suzuki Takayuki/Cursor/Mailhub/lib/assignee.ts": {"path":"/Users/takayukisuzuki/VYPER JAPAN Dropbox/Suzuki Takayuki/Cursor/Mailhub/lib/assignee.ts","statementMap":{"0":{"start":{"line":6,"column":2},"end":{"line":10,"column":null}}},"fnMap":{"0":{"name":"assigneeSlug","decl":{"start":{"line":5,"column":16},"end":{"line":5,"column":29}},"loc":{"start":{"line":5,"column":52},"end":{"line":11,"column":null}},"line":5}},"branchMap":{},"s":{"0":15},"f":{"0":15},"b":{},"meta":{"lastBranch":0,"lastFunction":1,"lastStatement":1,"seen":{"f:5:16:5:29":0,"s:6:2:10:Infinity":0}}}
,"/Users/takayukisuzuki/VYPER JAPAN Dropbox/Suzuki Takayuki/Cursor/Mailhub/lib/assigneeRegistryStore.ts": {"path":"/Users/takayukisuzuki/VYPER JAPAN Dropbox/Suzuki Takayuki/Cursor/Mailhub/lib/assigneeRegistryStore.ts","statementMap":{"0":{"start":{"line":21,"column":6},"end":{"line":21,"column":null}},"1":{"start":{"line":22,"column":23},"end":{"line":22,"column":null}},"2":{"start":{"line":26,"column":12},"end":{"line":26,"column":null}},"3":{"start":{"line":27,"column":2},"end":{"line":27,"column":null}},"4":{"start":{"line":27,"column":10},"end":{"line":27,"column":null}},"5":{"start":{"line":28,"column":2},"end":{"line":42,"column":null}},"6":{"start":{"line":29,"column":19},"end":{"line":29,"column":null}},"7":{"start":{"line":30,"column":4},"end":{"line":30,"column":null}},"8":{"start":{"line":30,"column":32},"end":{"line":30,"column":null}},"9":{"start":{"line":31,"column":4},"end":{"line":39,"column":null}},"10":{"start":{"line":33,"column":18},"end":{"line":33,"column":null}},"11":{"start":{"line":34,"column":8},"end":{"line":37,"column":null}},"12":{"start":{"line":39,"column":21},"end":{"line":39,"column":53}},"13":{"start":{"line":41,"column":4},"end":{"line":41,"column":null}},"14":{"start":{"line":46,"column":2},"end":{"line":46,"column":null}},"15":{"start":{"line":50,"column":2},"end":{"line":66,"column":null}},"16":{"start":{"line":63,"column":29},"end":{"line":63,"column":null}},"17":{"start":{"line":64,"column":26},"end":{"line":64,"column":null}},"18":{"start":{"line":70,"column":22},"end":{"line":70,"column":57}},"19":{"start":{"line":73,"column":21},"end":{"line":73,"column":null}},"20":{"start":{"line":74,"column":4},"end":{"line":74,"column":null}},"21":{"start":{"line":74,"column":36},"end":{"line":74,"column":66}},"22":{"start":{"line":79,"column":17},"end":{"line":79,"column":null}},"23":{"start":{"line":80,"column":40},"end":{"line":80,"column":null}},"24":{"start":{"line":81,"column":4},"end":{"line":89,"column":null}},"25":{"start":{"line":82,"column":20},"end":{"line":82,"column":null}},"26":{"start":{"line":83,"column":6},"end":{"line":83,"column":null}},"27":{"start":{"line":83,"column":27},"end":{"line":83,"column":null}},"28":{"start":{"line":84,"column":6},"end":{"line":84,"column":null}},"29":{"start":{"line":85,"column":6},"end":{"line":88,"column":null}},"30":{"start":{"line":92,"column":27},"end":{"line":92,"column":null}},"31":{"start":{"line":92,"column":52},"end":{"line":92,"column":91}},"32":{"start":{"line":93,"column":4},"end":{"line":95,"column":null}},"33":{"start":{"line":94,"column":6},"end":{"line":94,"column":null}},"34":{"start":{"line":94,"column":75},"end":{"line":94,"column":82}},"35":{"start":{"line":97,"column":4},"end":{"line":97,"column":null}},"36":{"start":{"line":97,"column":30},"end":{"line":97,"column":60}},"37":{"start":{"line":99,"column":4},"end":{"line":99,"column":null}},"38":{"start":{"line":100,"column":4},"end":{"line":100,"column":null}},"39":{"start":{"line":104,"column":4},"end":{"line":104,"column":null}},"40":{"start":{"line":108,"column":46},"end":{"line":108,"column":null}},"41":{"start":{"line":111,"column":2},"end":{"line":111,"column":null}},"42":{"start":{"line":111,"column":31},"end":{"line":111,"column":null}},"43":{"start":{"line":112,"column":14},"end":{"line":112,"column":null}},"44":{"start":{"line":113,"column":2},"end":{"line":113,"column":null}},"45":{"start":{"line":114,"column":2},"end":{"line":114,"column":null}},"46":{"start":{"line":119,"column":2},"end":{"line":119,"column":null}}},"fnMap":{"0":{"name":"parseAssignees","decl":{"start":{"line":25,"column":16},"end":{"line":25,"column":31}},"loc":{"start":{"line":25,"column":61},"end":{"line":43,"column":null}},"line":25},"1":{"name":"(anonymous_1)","decl":{"start":{"line":32,"column":11},"end":{"line":32,"column":12}},"loc":{"start":{"line":32,"column":18},"end":{"line":38,"column":7}},"line":32},"2":{"name":"(anonymous_2)","decl":{"start":{"line":39,"column":14},"end":{"line":39,"column":15}},"loc":{"start":{"line":39,"column":21},"end":{"line":39,"column":53}},"line":39},"3":{"name":"serializeAssignees","decl":{"start":{"line":45,"column":9},"end":{"line":45,"column":28}},"loc":{"start":{"line":45,"column":59},"end":{"line":47,"column":null}},"line":45},"4":{"name":"buildConfigStore","decl":{"start":{"line":49,"column":9},"end":{"line":49,"column":26}},"loc":{"start":{"line":49,"column":85},"end":{"line":67,"column":null}},"line":49},"5":{"name":"(anonymous_5)","decl":{"start":{"line":63,"column":14},"end":{"line":63,"column":15}},"loc":{"start":{"line":63,"column":29},"end":{"line":63,"column":null}},"line":63},"6":{"name":"(anonymous_6)","decl":{"start":{"line":64,"column":16},"end":{"line":64,"column":17}},"loc":{"start":{"line":64,"column":26},"end":{"line":64,"column":null}},"line":64},"7":{"name":"(anonymous_7)","decl":{"start":{"line":70,"column":2},"end":{"line":70,"column":22}},"loc":{"start":{"line":70,"column":57},"end":{"line":70,"column":null}},"line":70},"8":{"name":"(anonymous_8)","decl":{"start":{"line":72,"column":8},"end":{"line":72,"column":41}},"loc":{"start":{"line":72,"column":41},"end":{"line":75,"column":null}},"line":72},"9":{"name":"(anonymous_9)","decl":{"start":{"line":74,"column":26},"end":{"line":74,"column":27}},"loc":{"start":{"line":74,"column":36},"end":{"line":74,"column":66}},"line":74},"10":{"name":"(anonymous_10)","decl":{"start":{"line":77,"column":8},"end":{"line":77,"column":19}},"loc":{"start":{"line":77,"column":71},"end":{"line":101,"column":null}},"line":77},"11":{"name":"(anonymous_11)","decl":{"start":{"line":92,"column":45},"end":{"line":92,"column":46}},"loc":{"start":{"line":92,"column":52},"end":{"line":92,"column":91}},"line":92},"12":{"name":"(anonymous_12)","decl":{"start":{"line":94,"column":68},"end":{"line":94,"column":69}},"loc":{"start":{"line":94,"column":75},"end":{"line":94,"column":82}},"line":94},"13":{"name":"(anonymous_13)","decl":{"start":{"line":97,"column":20},"end":{"line":97,"column":21}},"loc":{"start":{"line":97,"column":30},"end":{"line":97,"column":60}},"line":97},"14":{"name":"(anonymous_14)","decl":{"start":{"line":103,"column":8},"end":{"line":103,"column":31}},"loc":{"start":{"line":103,"column":31},"end":{"line":105,"column":null}},"line":103},"15":{"name":"getAssigneeRegistryStore","decl":{"start":{"line":110,"column":16},"end":{"line":110,"column":41}},"loc":{"start":{"line":110,"column":93},"end":{"line":115,"column":null}},"line":110},"16":{"name":"resetAssigneeRegistryStore","decl":{"start":{"line":118,"column":16},"end":{"line":118,"column":51}},"loc":{"start":{"line":118,"column":51},"end":{"line":120,"column":null}},"line":118}},"branchMap":{"0":{"loc":{"start":{"line":27,"column":2},"end":{"line":27,"column":null}},"type":"if","locations":[{"start":{"line":27,"column":2},"end":{"line":27,"column":null}},{"start":{},"end":{}}],"line":27},"1":{"loc":{"start":{"line":30,"column":4},"end":{"line":30,"column":null}},"type":"if","locations":[{"start":{"line":30,"column":4},"end":{"line":30,"column":null}},{"start":{},"end":{}}],"line":30},"2":{"loc":{"start":{"line":33,"column":18},"end":{"line":33,"column":null}},"type":"cond-expr","locations":[{"start":{"line":33,"column":48},"end":{"line":33,"column":80}},{"start":{"line":33,"column":80},"end":{"line":33,"column":null}}],"line":33},"3":{"loc":{"start":{"line":33,"column":18},"end":{"line":33,"column":48}},"type":"binary-expr","locations":[{"start":{"line":33,"column":18},"end":{"line":33,"column":23}},{"start":{"line":33,"column":23},"end":{"line":33,"column":48}}],"line":33},"4":{"loc":{"start":{"line":35,"column":17},"end":{"line":35,"column":null}},"type":"cond-expr","locations":[{"start":{"line":35,"column":47},"end":{"line":35,"column":78}},{"start":{"line":35,"column":78},"end":{"line":35,"column":null}}],"line":35},"5":{"loc":{"start":{"line":36,"column":23},"end":{"line":36,"column":null}},"type":"cond-expr","locations":[{"start":{"line":36,"column":59},"end":{"line":36,"column":82}},{"start":{"line":36,"column":82},"end":{"line":36,"column":null}}],"line":36},"6":{"loc":{"start":{"line":39,"column":21},"end":{"line":39,"column":53}},"type":"binary-expr","locations":[{"start":{"line":39,"column":21},"end":{"line":39,"column":32}},{"start":{"line":39,"column":32},"end":{"line":39,"column":53}}],"line":39},"7":{"loc":{"start":{"line":41,"column":53},"end":{"line":41,"column":95}},"type":"cond-expr","locations":[{"start":{"line":41,"column":74},"end":{"line":41,"column":86}},{"start":{"line":41,"column":86},"end":{"line":41,"column":95}}],"line":41},"8":{"loc":{"start":{"line":83,"column":6},"end":{"line":83,"column":null}},"type":"if","locations":[{"start":{"line":83,"column":6},"end":{"line":83,"column":null}},{"start":{},"end":{}}],"line":83},"9":{"loc":{"start":{"line":87,"column":21},"end":{"line":87,"column":null}},"type":"binary-expr","locations":[{"start":{"line":87,"column":21},"end":{"line":87,"column":46}},{"start":{"line":87,"column":46},"end":{"line":87,"column":null}}],"line":87},"10":{"loc":{"start":{"line":93,"column":4},"end":{"line":95,"column":null}},"type":"if","locations":[{"start":{"line":93,"column":4},"end":{"line":95,"column":null}},{"start":{},"end":{}}],"line":93},"11":{"loc":{"start":{"line":111,"column":2},"end":{"line":111,"column":null}},"type":"if","locations":[{"start":{"line":111,"column":2},"end":{"line":111,"column":null}},{"start":{},"end":{}}],"line":111},"12":{"loc":{"start":{"line":111,"column":6},"end":{"line":111,"column":31}},"type":"binary-expr","locations":[{"start":{"line":111,"column":6},"end":{"line":111,"column":19}},{"start":{"line":111,"column":19},"end":{"line":111,"column":31}}],"line":111}},"s":{"0":1,"1":1,"2":6,"3":6,"4":2,"5":4,"6":4,"7":4,"8":1,"9":2,"10":4,"11":4,"12":4,"13":1,"14":0,"15":5,"16":0,"17":0,"18":5,"19":4,"20":4,"21":1,"22":4,"23":4,"24":4,"25":8,"26":8,"27":1,"28":7,"29":7,"30":4,"31":7,"32":4,"33":1,"34":1,"35":3,"36":2,"37":3,"38":3,"39":1,"40":1,"41":5,"42":0,"43":5,"44":5,"45":5,"46":10},"f":{"0":6,"1":4,"2":4,"3":0,"4":5,"5":0,"6":0,"7":5,"8":4,"9":1,"10":4,"11":7,"12":1,"13":2,"14":1,"15":5,"16":10},"b":{"0":[2,4],"1":[1,3],"2":[4,0],"3":[4,4],"4":[4,0],"5":[2,2],"6":[4,3],"7":[1,0],"8":[1,7],"9":[7,5],"10":[1,3],"11":[0,5],"12":[5,0]},"meta":{"lastBranch":13,"lastFunction":17,"lastStatement":47,"seen":{"s:21:6:21:Infinity":0,"s:22:23:22:Infinity":1,"f:25:16:25:31":0,"s:26:12:26:Infinity":2,"b:27:2:27:Infinity:undefined:undefined:undefined:undefined":0,"s:27:2:27:Infinity":3,"s:27:10:27:Infinity":4,"s:28:2:42:Infinity":5,"s:29:19:29:Infinity":6,"b:30:4:30:Infinity:undefined:undefined:undefined:undefined":1,"s:30:4:30:Infinity":7,"s:30:32:30:Infinity":8,"s:31:4:39:Infinity":9,"f:32:11:32:12":1,"s:33:18:33:Infinity":10,"b:33:48:33:80:33:80:33:Infinity":2,"b:33:18:33:23:33:23:33:48":3,"s:34:8:37:Infinity":11,"b:35:47:35:78:35:78:35:Infinity":4,"b:36:59:36:82:36:82:36:Infinity":5,"f:39:14:39:15":2,"s:39:21:39:53":12,"b:39:21:39:32:39:32:39:53":6,"s:41:4:41:Infinity":13,"b:41:74:41:86:41:86:41:95":7,"f:45:9:45:28":3,"s:46:2:46:Infinity":14,"f:49:9:49:26":4,"s:50:2:66:Infinity":15,"f:63:14:63:15":5,"s:63:29:63:Infinity":16,"f:64:16:64:17":6,"s:64:26:64:Infinity":17,"f:70:2:70:22":7,"s:70:22:70:57":18,"f:72:8:72:41":8,"s:73:21:73:Infinity":19,"s:74:4:74:Infinity":20,"f:74:26:74:27":9,"s:74:36:74:66":21,"f:77:8:77:19":10,"s:79:17:79:Infinity":22,"s:80:40:80:Infinity":23,"s:81:4:89:Infinity":24,"s:82:20:82:Infinity":25,"b:83:6:83:Infinity:undefined:undefined:undefined:undefined":8,"s:83:6:83:Infinity":26,"s:83:27:83:Infinity":27,"s:84:6:84:Infinity":28,"s:85:6:88:Infinity":29,"b:87:21:87:46:87:46:87:Infinity":9,"s:92:27:92:Infinity":30,"f:92:45:92:46":11,"s:92:52:92:91":31,"b:93:4:95:Infinity:undefined:undefined:undefined:undefined":10,"s:93:4:95:Infinity":32,"s:94:6:94:Infinity":33,"f:94:68:94:69":12,"s:94:75:94:82":34,"s:97:4:97:Infinity":35,"f:97:20:97:21":13,"s:97:30:97:60":36,"s:99:4:99:Infinity":37,"s:100:4:100:Infinity":38,"f:103:8:103:31":14,"s:104:4:104:Infinity":39,"s:108:46:108:Infinity":40,"f:110:16:110:41":15,"b:111:2:111:Infinity:undefined:undefined:undefined:undefined":11,"s:111:2:111:Infinity":41,"b:111:6:111:19:111:19:111:31":12,"s:111:31:111:Infinity":42,"s:112:14:112:Infinity":43,"s:113:2:113:Infinity":44,"s:114:2:114:Infinity":45,"f:118:16:118:51":16,"s:119:2:119:Infinity":46}}}
,"/Users/takayukisuzuki/VYPER JAPAN Dropbox/Suzuki Takayuki/Cursor/Mailhub/lib/assigneeRules.ts": {"path":"/Users/takayukisuzuki/VYPER JAPAN Dropbox/Suzuki Takayuki/Cursor/Mailhub/lib/assigneeRules.ts","statementMap":{"0":{"start":{"line":7,"column":12},"end":{"line":7,"column":null}},"1":{"start":{"line":8,"column":2},"end":{"line":8,"column":null}},"2":{"start":{"line":8,"column":10},"end":{"line":8,"column":null}},"3":{"start":{"line":10,"column":12},"end":{"line":10,"column":null}},"4":{"start":{"line":11,"column":8},"end":{"line":11,"column":null}},"5":{"start":{"line":12,"column":2},"end":{"line":12,"column":null}},"6":{"start":{"line":12,"column":28},"end":{"line":12,"column":null}},"7":{"start":{"line":13,"column":2},"end":{"line":13,"column":null}},"8":{"start":{"line":13,"column":27},"end":{"line":13,"column":null}},"9":{"start":{"line":14,"column":2},"end":{"line":14,"column":null}},"10":{"start":{"line":48,"column":12},"end":{"line":48,"column":null}},"11":{"start":{"line":49,"column":2},"end":{"line":49,"column":null}},"12":{"start":{"line":49,"column":10},"end":{"line":49,"column":null}},"13":{"start":{"line":50,"column":2},"end":{"line":50,"column":null}},"14":{"start":{"line":50,"column":33},"end":{"line":50,"column":null}},"15":{"start":{"line":52,"column":2},"end":{"line":52,"column":null}},"16":{"start":{"line":52,"column":64},"end":{"line":52,"column":null}},"17":{"start":{"line":53,"column":2},"end":{"line":53,"column":null}},"18":{"start":{"line":57,"column":12},"end":{"line":57,"column":null}},"19":{"start":{"line":58,"column":2},"end":{"line":58,"column":null}},"20":{"start":{"line":58,"column":10},"end":{"line":58,"column":null}},"21":{"start":{"line":59,"column":2},"end":{"line":59,"column":null}},"22":{"start":{"line":59,"column":23},"end":{"line":59,"column":null}},"23":{"start":{"line":60,"column":2},"end":{"line":60,"column":null}},"24":{"start":{"line":60,"column":24},"end":{"line":60,"column":null}},"25":{"start":{"line":61,"column":2},"end":{"line":61,"column":null}},"26":{"start":{"line":65,"column":12},"end":{"line":65,"column":null}},"27":{"start":{"line":67,"column":16},"end":{"line":75,"column":null}},"28":{"start":{"line":76,"column":2},"end":{"line":76,"column":null}},"29":{"start":{"line":80,"column":21},"end":{"line":80,"column":null}},"30":{"start":{"line":81,"column":2},"end":{"line":81,"column":null}},"31":{"start":{"line":81,"column":19},"end":{"line":81,"column":null}},"32":{"start":{"line":82,"column":13},"end":{"line":82,"column":null}},"33":{"start":{"line":83,"column":2},"end":{"line":83,"column":null}},"34":{"start":{"line":83,"column":14},"end":{"line":83,"column":null}},"35":{"start":{"line":84,"column":12},"end":{"line":84,"column":null}},"36":{"start":{"line":85,"column":2},"end":{"line":85,"column":null}},"37":{"start":{"line":89,"column":16},"end":{"line":89,"column":null}},"38":{"start":{"line":90,"column":2},"end":{"line":90,"column":null}},"39":{"start":{"line":90,"column":14},"end":{"line":90,"column":null}},"40":{"start":{"line":92,"column":12},"end":{"line":92,"column":null}},"41":{"start":{"line":93,"column":18},"end":{"line":93,"column":null}},"42":{"start":{"line":94,"column":19},"end":{"line":94,"column":null}},"43":{"start":{"line":96,"column":2},"end":{"line":96,"column":null}},"44":{"start":{"line":96,"column":29},"end":{"line":96,"column":null}},"45":{"start":{"line":98,"column":2},"end":{"line":98,"column":null}},"46":{"start":{"line":98,"column":36},"end":{"line":98,"column":null}},"47":{"start":{"line":100,"column":2},"end":{"line":103,"column":null}},"48":{"start":{"line":101,"column":19},"end":{"line":101,"column":null}},"49":{"start":{"line":102,"column":4},"end":{"line":102,"column":null}},"50":{"start":{"line":102,"column":39},"end":{"line":102,"column":null}},"51":{"start":{"line":105,"column":2},"end":{"line":105,"column":null}},"52":{"start":{"line":109,"column":20},"end":{"line":112,"column":null}},"53":{"start":{"line":110,"column":19},"end":{"line":110,"column":38}},"54":{"start":{"line":112,"column":14},"end":{"line":112,"column":57}},"55":{"start":{"line":114,"column":2},"end":{"line":117,"column":null}},"56":{"start":{"line":115,"column":16},"end":{"line":115,"column":null}},"57":{"start":{"line":116,"column":4},"end":{"line":116,"column":null}},"58":{"start":{"line":116,"column":16},"end":{"line":116,"column":null}},"59":{"start":{"line":118,"column":2},"end":{"line":118,"column":null}}},"fnMap":{"0":{"name":"normalizeFromEmail","decl":{"start":{"line":6,"column":16},"end":{"line":6,"column":35}},"loc":{"start":{"line":6,"column":65},"end":{"line":15,"column":null}},"line":6},"1":{"name":"normalizeVtjEmail","decl":{"start":{"line":47,"column":16},"end":{"line":47,"column":34}},"loc":{"start":{"line":47,"column":64},"end":{"line":54,"column":null}},"line":47},"2":{"name":"normalizeDomain","decl":{"start":{"line":56,"column":16},"end":{"line":56,"column":32}},"loc":{"start":{"line":56,"column":62},"end":{"line":62,"column":null}},"line":56},"3":{"name":"isDangerousDomain","decl":{"start":{"line":64,"column":16},"end":{"line":64,"column":34}},"loc":{"start":{"line":64,"column":59},"end":{"line":77,"column":null}},"line":64},"4":{"name":"getFromDomain","decl":{"start":{"line":79,"column":16},"end":{"line":79,"column":30}},"loc":{"start":{"line":79,"column":64},"end":{"line":86,"column":null}},"line":79},"5":{"name":"matchAssigneeRule","decl":{"start":{"line":88,"column":16},"end":{"line":88,"column":34}},"loc":{"start":{"line":88,"column":98},"end":{"line":106,"column":null}},"line":88},"6":{"name":"pickAssigneeRule","decl":{"start":{"line":108,"column":16},"end":{"line":108,"column":33}},"loc":{"start":{"line":108,"column":96},"end":{"line":119,"column":null}},"line":108},"7":{"name":"(anonymous_7)","decl":{"start":{"line":110,"column":12},"end":{"line":110,"column":13}},"loc":{"start":{"line":110,"column":19},"end":{"line":110,"column":38}},"line":110},"8":{"name":"(anonymous_8)","decl":{"start":{"line":112,"column":10},"end":{"line":112,"column":11}},"loc":{"start":{"line":112,"column":14},"end":{"line":112,"column":57}},"line":112}},"branchMap":{"0":{"loc":{"start":{"line":8,"column":2},"end":{"line":8,"column":null}},"type":"if","locations":[{"start":{"line":8,"column":2},"end":{"line":8,"column":null}},{"start":{},"end":{}}],"line":8},"1":{"loc":{"start":{"line":11,"column":17},"end":{"line":11,"column":30}},"type":"binary-expr","locations":[{"start":{"line":11,"column":17},"end":{"line":11,"column":27}},{"start":{"line":11,"column":27},"end":{"line":11,"column":30}}],"line":11},"2":{"loc":{"start":{"line":12,"column":2},"end":{"line":12,"column":null}},"type":"if","locations":[{"start":{"line":12,"column":2},"end":{"line":12,"column":null}},{"start":{},"end":{}}],"line":12},"3":{"loc":{"start":{"line":13,"column":2},"end":{"line":13,"column":null}},"type":"if","locations":[{"start":{"line":13,"column":2},"end":{"line":13,"column":null}},{"start":{},"end":{}}],"line":13},"4":{"loc":{"start":{"line":49,"column":2},"end":{"line":49,"column":null}},"type":"if","locations":[{"start":{"line":49,"column":2},"end":{"line":49,"column":null}},{"start":{},"end":{}}],"line":49},"5":{"loc":{"start":{"line":50,"column":2},"end":{"line":50,"column":null}},"type":"if","locations":[{"start":{"line":50,"column":2},"end":{"line":50,"column":null}},{"start":{},"end":{}}],"line":50},"6":{"loc":{"start":{"line":52,"column":2},"end":{"line":52,"column":null}},"type":"if","locations":[{"start":{"line":52,"column":2},"end":{"line":52,"column":null}},{"start":{},"end":{}}],"line":52},"7":{"loc":{"start":{"line":52,"column":6},"end":{"line":52,"column":64}},"type":"binary-expr","locations":[{"start":{"line":52,"column":6},"end":{"line":52,"column":26}},{"start":{"line":52,"column":26},"end":{"line":52,"column":47}},{"start":{"line":52,"column":47},"end":{"line":52,"column":64}}],"line":52},"8":{"loc":{"start":{"line":58,"column":2},"end":{"line":58,"column":null}},"type":"if","locations":[{"start":{"line":58,"column":2},"end":{"line":58,"column":null}},{"start":{},"end":{}}],"line":58},"9":{"loc":{"start":{"line":59,"column":2},"end":{"line":59,"column":null}},"type":"if","locations":[{"start":{"line":59,"column":2},"end":{"line":59,"column":null}},{"start":{},"end":{}}],"line":59},"10":{"loc":{"start":{"line":60,"column":2},"end":{"line":60,"column":null}},"type":"if","locations":[{"start":{"line":60,"column":2},"end":{"line":60,"column":null}},{"start":{},"end":{}}],"line":60},"11":{"loc":{"start":{"line":81,"column":2},"end":{"line":81,"column":null}},"type":"if","locations":[{"start":{"line":81,"column":2},"end":{"line":81,"column":null}},{"start":{},"end":{}}],"line":81},"12":{"loc":{"start":{"line":83,"column":2},"end":{"line":83,"column":null}},"type":"if","locations":[{"start":{"line":83,"column":2},"end":{"line":83,"column":null}},{"start":{},"end":{}}],"line":83},"13":{"loc":{"start":{"line":85,"column":9},"end":{"line":85,"column":null}},"type":"binary-expr","locations":[{"start":{"line":85,"column":9},"end":{"line":85,"column":14}},{"start":{"line":85,"column":14},"end":{"line":85,"column":null}}],"line":85},"14":{"loc":{"start":{"line":90,"column":2},"end":{"line":90,"column":null}},"type":"if","locations":[{"start":{"line":90,"column":2},"end":{"line":90,"column":null}},{"start":{},"end":{}}],"line":90},"15":{"loc":{"start":{"line":92,"column":12},"end":{"line":92,"column":null}},"type":"binary-expr","locations":[{"start":{"line":92,"column":12},"end":{"line":92,"column":26}},{"start":{"line":92,"column":26},"end":{"line":92,"column":null}}],"line":92},"16":{"loc":{"start":{"line":93,"column":18},"end":{"line":93,"column":null}},"type":"cond-expr","locations":[{"start":{"line":93,"column":52},"end":{"line":93,"column":86}},{"start":{"line":93,"column":86},"end":{"line":93,"column":null}}],"line":93},"17":{"loc":{"start":{"line":94,"column":19},"end":{"line":94,"column":null}},"type":"cond-expr","locations":[{"start":{"line":94,"column":54},"end":{"line":94,"column":86}},{"start":{"line":94,"column":86},"end":{"line":94,"column":null}}],"line":94},"18":{"loc":{"start":{"line":96,"column":2},"end":{"line":96,"column":null}},"type":"if","locations":[{"start":{"line":96,"column":2},"end":{"line":96,"column":null}},{"start":{},"end":{}}],"line":96},"19":{"loc":{"start":{"line":96,"column":6},"end":{"line":96,"column":29}},"type":"binary-expr","locations":[{"start":{"line":96,"column":6},"end":{"line":96,"column":18}},{"start":{"line":96,"column":18},"end":{"line":96,"column":29}}],"line":96},"20":{"loc":{"start":{"line":98,"column":2},"end":{"line":98,"column":null}},"type":"if","locations":[{"start":{"line":98,"column":2},"end":{"line":98,"column":null}},{"start":{},"end":{}}],"line":98},"21":{"loc":{"start":{"line":98,"column":6},"end":{"line":98,"column":36}},"type":"binary-expr","locations":[{"start":{"line":98,"column":6},"end":{"line":98,"column":17}},{"start":{"line":98,"column":17},"end":{"line":98,"column":36}}],"line":98},"22":{"loc":{"start":{"line":100,"column":2},"end":{"line":103,"column":null}},"type":"if","locations":[{"start":{"line":100,"column":2},"end":{"line":103,"column":null}},{"start":{},"end":{}}],"line":100},"23":{"loc":{"start":{"line":102,"column":4},"end":{"line":102,"column":null}},"type":"if","locations":[{"start":{"line":102,"column":4},"end":{"line":102,"column":null}},{"start":{},"end":{}}],"line":102},"24":{"loc":{"start":{"line":102,"column":8},"end":{"line":102,"column":39}},"type":"binary-expr","locations":[{"start":{"line":102,"column":8},"end":{"line":102,"column":18}},{"start":{"line":102,"column":18},"end":{"line":102,"column":39}}],"line":102},"25":{"loc":{"start":{"line":112,"column":21},"end":{"line":112,"column":41}},"type":"binary-expr","locations":[{"start":{"line":112,"column":21},"end":{"line":112,"column":35}},{"start":{"line":112,"column":35},"end":{"line":112,"column":41}}],"line":112},"26":{"loc":{"start":{"line":112,"column":41},"end":{"line":112,"column":57}},"type":"binary-expr","locations":[{"start":{"line":112,"column":41},"end":{"line":112,"column":55}},{"start":{"line":112,"column":55},"end":{"line":112,"column":57}}],"line":112},"27":{"loc":{"start":{"line":116,"column":4},"end":{"line":116,"column":null}},"type":"if","locations":[{"start":{"line":116,"column":4},"end":{"line":116,"column":null}},{"start":{},"end":{}}],"line":116}},"s":{"0":51,"1":51,"2":0,"3":51,"4":51,"5":51,"6":0,"7":51,"8":0,"9":51,"10":5,"11":5,"12":1,"13":4,"14":4,"15":2,"16":0,"17":2,"18":9,"19":9,"20":0,"21":9,"22":0,"23":9,"24":0,"25":9,"26":3,"27":3,"28":3,"29":11,"30":11,"31":0,"32":11,"33":11,"34":0,"35":11,"36":11,"37":15,"38":15,"39":0,"40":15,"41":15,"42":15,"43":15,"44":0,"45":15,"46":4,"47":11,"48":9,"49":9,"50":7,"51":4,"52":4,"53":10,"54":5,"55":4,"56":4,"57":4,"58":4,"59":0},"f":{"0":51,"1":5,"2":9,"3":3,"4":11,"5":15,"6":4,"7":10,"8":5},"b":{"0":[0,51],"1":[51,49],"2":[0,51],"3":[0,51],"4":[1,4],"5":[2,2],"6":[0,2],"7":[2,2,2],"8":[0,9],"9":[0,9],"10":[0,9],"11":[0,11],"12":[0,11],"13":[11,0],"14":[0,15],"15":[15,0],"16":[6,9],"17":[9,6],"18":[0,15],"19":[15,9],"20":[4,11],"21":[15,6],"22":[9,2],"23":[7,2],"24":[9,9],"25":[5,0],"26":[5,0],"27":[4,0]},"meta":{"lastBranch":28,"lastFunction":9,"lastStatement":60,"seen":{"f:6:16:6:35":0,"s:7:12:7:Infinity":0,"b:8:2:8:Infinity:undefined:undefined:undefined:undefined":0,"s:8:2:8:Infinity":1,"s:8:10:8:Infinity":2,"s:10:12:10:Infinity":3,"s:11:8:11:Infinity":4,"b:11:17:11:27:11:27:11:30":1,"b:12:2:12:Infinity:undefined:undefined:undefined:undefined":2,"s:12:2:12:Infinity":5,"s:12:28:12:Infinity":6,"b:13:2:13:Infinity:undefined:undefined:undefined:undefined":3,"s:13:2:13:Infinity":7,"s:13:27:13:Infinity":8,"s:14:2:14:Infinity":9,"f:47:16:47:34":1,"s:48:12:48:Infinity":10,"b:49:2:49:Infinity:undefined:undefined:undefined:undefined":4,"s:49:2:49:Infinity":11,"s:49:10:49:Infinity":12,"b:50:2:50:Infinity:undefined:undefined:undefined:undefined":5,"s:50:2:50:Infinity":13,"s:50:33:50:Infinity":14,"b:52:2:52:Infinity:undefined:undefined:undefined:undefined":6,"s:52:2:52:Infinity":15,"b:52:6:52:26:52:26:52:47:52:47:52:64":7,"s:52:64:52:Infinity":16,"s:53:2:53:Infinity":17,"f:56:16:56:32":2,"s:57:12:57:Infinity":18,"b:58:2:58:Infinity:undefined:undefined:undefined:undefined":8,"s:58:2:58:Infinity":19,"s:58:10:58:Infinity":20,"b:59:2:59:Infinity:undefined:undefined:undefined:undefined":9,"s:59:2:59:Infinity":21,"s:59:23:59:Infinity":22,"b:60:2:60:Infinity:undefined:undefined:undefined:undefined":10,"s:60:2:60:Infinity":23,"s:60:24:60:Infinity":24,"s:61:2:61:Infinity":25,"f:64:16:64:34":3,"s:65:12:65:Infinity":26,"s:67:16:75:Infinity":27,"s:76:2:76:Infinity":28,"f:79:16:79:30":4,"s:80:21:80:Infinity":29,"b:81:2:81:Infinity:undefined:undefined:undefined:undefined":11,"s:81:2:81:Infinity":30,"s:81:19:81:Infinity":31,"s:82:13:82:Infinity":32,"b:83:2:83:Infinity:undefined:undefined:undefined:undefined":12,"s:83:2:83:Infinity":33,"s:83:14:83:Infinity":34,"s:84:12:84:Infinity":35,"s:85:2:85:Infinity":36,"b:85:9:85:14:85:14:85:Infinity":13,"f:88:16:88:34":5,"s:89:16:89:Infinity":37,"b:90:2:90:Infinity:undefined:undefined:undefined:undefined":14,"s:90:2:90:Infinity":38,"s:90:14:90:Infinity":39,"s:92:12:92:Infinity":40,"b:92:12:92:26:92:26:92:Infinity":15,"s:93:18:93:Infinity":41,"b:93:52:93:86:93:86:93:Infinity":16,"s:94:19:94:Infinity":42,"b:94:54:94:86:94:86:94:Infinity":17,"b:96:2:96:Infinity:undefined:undefined:undefined:undefined":18,"s:96:2:96:Infinity":43,"b:96:6:96:18:96:18:96:29":19,"s:96:29:96:Infinity":44,"b:98:2:98:Infinity:undefined:undefined:undefined:undefined":20,"s:98:2:98:Infinity":45,"b:98:6:98:17:98:17:98:36":21,"s:98:36:98:Infinity":46,"b:100:2:103:Infinity:undefined:undefined:undefined:undefined":22,"s:100:2:103:Infinity":47,"s:101:19:101:Infinity":48,"b:102:4:102:Infinity:undefined:undefined:undefined:undefined":23,"s:102:4:102:Infinity":49,"b:102:8:102:18:102:18:102:39":24,"s:102:39:102:Infinity":50,"s:105:2:105:Infinity":51,"f:108:16:108:33":6,"s:109:20:112:Infinity":52,"f:110:12:110:13":7,"s:110:19:110:38":53,"f:112:10:112:11":8,"s:112:14:112:57":54,"b:112:21:112:35:112:35:112:41":25,"b:112:41:112:55:112:55:112:57":26,"s:114:2:117:Infinity":55,"s:115:16:115:Infinity":56,"b:116:4:116:Infinity:undefined:undefined:undefined:undefined":27,"s:116:4:116:Infinity":57,"s:116:16:116:Infinity":58,"s:118:2:118:Infinity":59}}}
,"/Users/takayukisuzuki/VYPER JAPAN Dropbox/Suzuki Takayuki/Cursor/Mailhub/lib/audit-log.ts": {"path":"/Users/takayukisuzuki/VYPER JAPAN Dropbox/Suzuki Takayuki/Cursor/Mailhub/lib/audit-log.ts","statementMap":{"0":{"start":{"line":57,"column":33},"end":{"line":108,"column":null}},"1":{"start":{"line":109,"column":2},"end":{"line":109,"column":null}},"2":{"start":{"line":128,"column":34},"end":{"line":131,"column":null}},"3":{"start":{"line":134,"column":2},"end":{"line":139,"column":null}},"4":{"start":{"line":142,"column":8},"end":{"line":142,"column":null}},"5":{"start":{"line":143,"column":2},"end":{"line":147,"column":null}},"6":{"start":{"line":144,"column":4},"end":{"line":144,"column":null}},"7":{"start":{"line":146,"column":4},"end":{"line":146,"column":null}},"8":{"start":{"line":160,"column":8},"end":{"line":160,"column":null}},"9":{"start":{"line":161,"column":15},"end":{"line":165,"column":null}},"10":{"start":{"line":168,"column":2},"end":{"line":173,"column":null}},"11":{"start":{"line":169,"column":4},"end":{"line":172,"column":null}},"12":{"start":{"line":170,"column":6},"end":{"line":170,"column":null}},"13":{"start":{"line":170,"column":61},"end":{"line":170,"column":null}},"14":{"start":{"line":171,"column":6},"end":{"line":171,"column":null}},"15":{"start":{"line":175,"column":2},"end":{"line":175,"column":null}},"16":{"start":{"line":182,"column":8},"end":{"line":182,"column":null}},"17":{"start":{"line":183,"column":2},"end":{"line":183,"column":null}}},"fnMap":{"0":{"name":"isAuditAction","decl":{"start":{"line":56,"column":16},"end":{"line":56,"column":30}},"loc":{"start":{"line":56,"column":59},"end":{"line":110,"column":null}},"line":56},"1":{"name":"logAction","decl":{"start":{"line":127,"column":22},"end":{"line":127,"column":32}},"loc":{"start":{"line":127,"column":88},"end":{"line":148,"column":null}},"line":127},"2":{"name":"getActivityLogs","decl":{"start":{"line":154,"column":22},"end":{"line":154,"column":38}},"loc":{"start":{"line":159,"column":29},"end":{"line":176,"column":null}},"line":159},"3":{"name":"(anonymous_3)","decl":{"start":{"line":169,"column":23},"end":{"line":169,"column":24}},"loc":{"start":{"line":169,"column":32},"end":{"line":172,"column":5}},"line":169},"4":{"name":"clearActivityLogs","decl":{"start":{"line":181,"column":22},"end":{"line":181,"column":57}},"loc":{"start":{"line":181,"column":57},"end":{"line":184,"column":null}},"line":181}},"branchMap":{"0":{"loc":{"start":{"line":168,"column":2},"end":{"line":173,"column":null}},"type":"if","locations":[{"start":{"line":168,"column":2},"end":{"line":173,"column":null}},{"start":{},"end":{}}],"line":168},"1":{"loc":{"start":{"line":170,"column":6},"end":{"line":170,"column":null}},"type":"if","locations":[{"start":{"line":170,"column":6},"end":{"line":170,"column":null}},{"start":{},"end":{}}],"line":170},"2":{"loc":{"start":{"line":170,"column":10},"end":{"line":170,"column":61}},"type":"binary-expr","locations":[{"start":{"line":170,"column":10},"end":{"line":170,"column":27}},{"start":{"line":170,"column":27},"end":{"line":170,"column":61}}],"line":170},"3":{"loc":{"start":{"line":171,"column":13},"end":{"line":171,"column":null}},"type":"binary-expr","locations":[{"start":{"line":171,"column":13},"end":{"line":171,"column":41}},{"start":{"line":171,"column":41},"end":{"line":171,"column":null}}],"line":171}},"s":{"0":15,"1":15,"2":2,"3":2,"4":2,"5":2,"6":2,"7":1,"8":1,"9":1,"10":1,"11":0,"12":0,"13":0,"14":0,"15":1,"16":1,"17":1},"f":{"0":15,"1":2,"2":1,"3":0,"4":1},"b":{"0":[0,1],"1":[0,0],"2":[0,0],"3":[0,0]},"meta":{"lastBranch":4,"lastFunction":5,"lastStatement":18,"seen":{"f:56:16:56:30":0,"s:57:33:108:Infinity":0,"s:109:2:109:Infinity":1,"f:127:22:127:32":1,"s:128:34:131:Infinity":2,"s:134:2:139:Infinity":3,"s:142:8:142:Infinity":4,"s:143:2:147:Infinity":5,"s:144:4:144:Infinity":6,"s:146:4:146:Infinity":7,"f:154:22:154:38":2,"s:160:8:160:Infinity":8,"s:161:15:165:Infinity":9,"b:168:2:173:Infinity:undefined:undefined:undefined:undefined":0,"s:168:2:173:Infinity":10,"s:169:4:172:Infinity":11,"f:169:23:169:24":3,"b:170:6:170:Infinity:undefined:undefined:undefined:undefined":1,"s:170:6:170:Infinity":12,"b:170:10:170:27:170:27:170:61":2,"s:170:61:170:Infinity":13,"s:171:6:171:Infinity":14,"b:171:13:171:41:171:41:171:Infinity":3,"s:175:2:175:Infinity":15,"f:181:22:181:57":4,"s:182:8:182:Infinity":16,"s:183:2:183:Infinity":17}}}
,"/Users/takayukisuzuki/VYPER JAPAN Dropbox/Suzuki Takayuki/Cursor/Mailhub/lib/config-export.ts": {"path":"/Users/takayukisuzuki/VYPER JAPAN Dropbox/Suzuki Takayuki/Cursor/Mailhub/lib/config-export.ts","statementMap":{"0":{"start":{"line":29,"column":2},"end":{"line":44,"column":null}},"1":{"start":{"line":48,"column":8},"end":{"line":48,"column":null}},"2":{"start":{"line":49,"column":14},"end":{"line":49,"column":null}},"3":{"start":{"line":50,"column":14},"end":{"line":50,"column":null}},"4":{"start":{"line":50,"column":29},"end":{"line":50,"column":null}},"5":{"start":{"line":51,"column":12},"end":{"line":51,"column":null}},"6":{"start":{"line":52,"column":12},"end":{"line":52,"column":null}},"7":{"start":{"line":53,"column":12},"end":{"line":53,"column":null}},"8":{"start":{"line":54,"column":13},"end":{"line":54,"column":null}},"9":{"start":{"line":55,"column":13},"end":{"line":55,"column":null}},"10":{"start":{"line":56,"column":13},"end":{"line":56,"column":null}},"11":{"start":{"line":57,"column":2},"end":{"line":57,"column":null}}},"fnMap":{"0":{"name":"buildConfigExportPayload","decl":{"start":{"line":28,"column":16},"end":{"line":28,"column":41}},"loc":{"start":{"line":28,"column":149},"end":{"line":45,"column":null}},"line":28},"1":{"name":"buildConfigExportFilename","decl":{"start":{"line":47,"column":16},"end":{"line":47,"column":52}},"loc":{"start":{"line":47,"column":52},"end":{"line":58,"column":null}},"line":47},"2":{"name":"(anonymous_2)","decl":{"start":{"line":50,"column":14},"end":{"line":50,"column":15}},"loc":{"start":{"line":50,"column":29},"end":{"line":50,"column":null}},"line":50}},"branchMap":{},"s":{"0":2,"1":1,"2":1,"3":1,"4":5,"5":1,"6":1,"7":1,"8":1,"9":1,"10":1,"11":1},"f":{"0":2,"1":1,"2":5},"b":{},"meta":{"lastBranch":0,"lastFunction":3,"lastStatement":12,"seen":{"f:28:16:28:41":0,"s:29:2:44:Infinity":0,"f:47:16:47:52":1,"s:48:8:48:Infinity":1,"s:49:14:49:Infinity":2,"s:50:14:50:Infinity":3,"f:50:14:50:15":2,"s:50:29:50:Infinity":4,"s:51:12:51:Infinity":5,"s:52:12:52:Infinity":6,"s:53:12:53:Infinity":7,"s:54:13:54:Infinity":8,"s:55:13:55:Infinity":9,"s:56:13:56:Infinity":10,"s:57:2:57:Infinity":11}}}
,"/Users/takayukisuzuki/VYPER JAPAN Dropbox/Suzuki Takayuki/Cursor/Mailhub/lib/configStore.ts": {"path":"/Users/takayukisuzuki/VYPER JAPAN Dropbox/Suzuki Takayuki/Cursor/Mailhub/lib/configStore.ts","statementMap":{"0":{"start":{"line":54,"column":2},"end":{"line":54,"column":null}},"1":{"start":{"line":54,"column":20},"end":{"line":54,"column":null}},"2":{"start":{"line":55,"column":8},"end":{"line":55,"column":null}},"3":{"start":{"line":56,"column":2},"end":{"line":56,"column":null}},"4":{"start":{"line":56,"column":77},"end":{"line":56,"column":null}},"5":{"start":{"line":57,"column":2},"end":{"line":57,"column":null}},"6":{"start":{"line":62,"column":4},"end":{"line":64,"column":null}},"7":{"start":{"line":65,"column":22},"end":{"line":65,"column":null}},"8":{"start":{"line":66,"column":21},"end":{"line":66,"column":null}},"9":{"start":{"line":67,"column":2},"end":{"line":67,"column":null}},"10":{"start":{"line":71,"column":18},"end":{"line":71,"column":null}},"11":{"start":{"line":71,"column":48},"end":{"line":71,"column":107}},"12":{"start":{"line":71,"column":65},"end":{"line":71,"column":104}},"13":{"start":{"line":72,"column":2},"end":{"line":72,"column":null}},"14":{"start":{"line":79,"column":4},"end":{"line":79,"column":null}},"15":{"start":{"line":80,"column":4},"end":{"line":80,"column":null}},"16":{"start":{"line":83,"column":14},"end":{"line":83,"column":null}},"17":{"start":{"line":84,"column":16},"end":{"line":84,"column":null}},"18":{"start":{"line":85,"column":4},"end":{"line":88,"column":null}},"19":{"start":{"line":86,"column":16},"end":{"line":86,"column":null}},"20":{"start":{"line":87,"column":6},"end":{"line":87,"column":null}},"21":{"start":{"line":87,"column":18},"end":{"line":87,"column":null}},"22":{"start":{"line":89,"column":17},"end":{"line":89,"column":null}},"23":{"start":{"line":90,"column":4},"end":{"line":90,"column":null}},"24":{"start":{"line":91,"column":4},"end":{"line":91,"column":null}},"25":{"start":{"line":94,"column":16},"end":{"line":94,"column":null}},"26":{"start":{"line":95,"column":4},"end":{"line":95,"column":null}},"27":{"start":{"line":98,"column":14},"end":{"line":98,"column":null}},"28":{"start":{"line":99,"column":4},"end":{"line":99,"column":null}},"29":{"start":{"line":102,"column":16},"end":{"line":102,"column":null}},"30":{"start":{"line":103,"column":4},"end":{"line":103,"column":null}},"31":{"start":{"line":112,"column":30},"end":{"line":112,"column":null}},"32":{"start":{"line":110,"column":4},"end":{"line":110,"column":null}},"33":{"start":{"line":115,"column":10},"end":{"line":115,"column":null}},"34":{"start":{"line":116,"column":4},"end":{"line":118,"column":null}},"35":{"start":{"line":117,"column":6},"end":{"line":117,"column":null}},"36":{"start":{"line":122,"column":4},"end":{"line":122,"column":null}},"37":{"start":{"line":122,"column":43},"end":{"line":122,"column":null}},"38":{"start":{"line":123,"column":4},"end":{"line":125,"column":null}},"39":{"start":{"line":124,"column":6},"end":{"line":124,"column":null}},"40":{"start":{"line":124,"column":25},"end":{"line":124,"column":null}},"41":{"start":{"line":126,"column":4},"end":{"line":126,"column":null}},"42":{"start":{"line":130,"column":4},"end":{"line":130,"column":null}},"43":{"start":{"line":131,"column":17},"end":{"line":131,"column":null}},"44":{"start":{"line":132,"column":4},"end":{"line":134,"column":null}},"45":{"start":{"line":133,"column":6},"end":{"line":133,"column":null}},"46":{"start":{"line":135,"column":16},"end":{"line":135,"column":null}},"47":{"start":{"line":135,"column":58},"end":{"line":135,"column":60}},"48":{"start":{"line":136,"column":14},"end":{"line":136,"column":null}},"49":{"start":{"line":136,"column":43},"end":{"line":136,"column":47}},"50":{"start":{"line":137,"column":26},"end":{"line":137,"column":null}},"51":{"start":{"line":138,"column":4},"end":{"line":138,"column":null}},"52":{"start":{"line":142,"column":4},"end":{"line":142,"column":null}},"53":{"start":{"line":143,"column":20},"end":{"line":143,"column":null}},"54":{"start":{"line":144,"column":16},"end":{"line":144,"column":null}},"55":{"start":{"line":146,"column":17},"end":{"line":146,"column":null}},"56":{"start":{"line":147,"column":17},"end":{"line":160,"column":null}},"57":{"start":{"line":149,"column":12},"end":{"line":149,"column":null}},"58":{"start":{"line":150,"column":23},"end":{"line":150,"column":null}},"59":{"start":{"line":151,"column":12},"end":{"line":151,"column":null}},"60":{"start":{"line":152,"column":17},"end":{"line":152,"column":null}},"61":{"start":{"line":153,"column":6},"end":{"line":158,"column":null}},"62":{"start":{"line":154,"column":8},"end":{"line":154,"column":null}},"63":{"start":{"line":155,"column":8},"end":{"line":155,"column":null}},"64":{"start":{"line":157,"column":8},"end":{"line":157,"column":null}},"65":{"start":{"line":159,"column":6},"end":{"line":159,"column":null}},"66":{"start":{"line":161,"column":4},"end":{"line":161,"column":null}},"67":{"start":{"line":162,"column":4},"end":{"line":162,"column":null}},"68":{"start":{"line":166,"column":4},"end":{"line":171,"column":null}},"69":{"start":{"line":167,"column":16},"end":{"line":167,"column":null}},"70":{"start":{"line":168,"column":6},"end":{"line":168,"column":null}},"71":{"start":{"line":170,"column":6},"end":{"line":170,"column":null}},"72":{"start":{"line":178,"column":4},"end":{"line":178,"column":null}},"73":{"start":{"line":182,"column":23},"end":{"line":182,"column":null}},"74":{"start":{"line":183,"column":17},"end":{"line":187,"column":null}},"75":{"start":{"line":188,"column":4},"end":{"line":188,"column":null}},"76":{"start":{"line":192,"column":19},"end":{"line":192,"column":null}},"77":{"start":{"line":193,"column":18},"end":{"line":193,"column":null}},"78":{"start":{"line":194,"column":16},"end":{"line":194,"column":null}},"79":{"start":{"line":195,"column":10},"end":{"line":195,"column":null}},"80":{"start":{"line":196,"column":4},"end":{"line":203,"column":null}},"81":{"start":{"line":197,"column":6},"end":{"line":202,"column":null}},"82":{"start":{"line":207,"column":19},"end":{"line":207,"column":null}},"83":{"start":{"line":208,"column":4},"end":{"line":222,"column":null}},"84":{"start":{"line":209,"column":20},"end":{"line":209,"column":null}},"85":{"start":{"line":210,"column":19},"end":{"line":214,"column":null}},"86":{"start":{"line":215,"column":21},"end":{"line":215,"column":null}},"87":{"start":{"line":216,"column":19},"end":{"line":216,"column":null}},"88":{"start":{"line":217,"column":24},"end":{"line":217,"column":null}},"89":{"start":{"line":218,"column":6},"end":{"line":220,"column":null}},"90":{"start":{"line":219,"column":8},"end":{"line":219,"column":null}},"91":{"start":{"line":221,"column":6},"end":{"line":221,"column":null}},"92":{"start":{"line":224,"column":18},"end":{"line":224,"column":null}},"93":{"start":{"line":225,"column":17},"end":{"line":229,"column":null}},"94":{"start":{"line":230,"column":10},"end":{"line":230,"column":null}},"95":{"start":{"line":230,"column":53},"end":{"line":230,"column":82}},"96":{"start":{"line":230,"column":66},"end":{"line":230,"column":81}},"97":{"start":{"line":231,"column":4},"end":{"line":233,"column":null}},"98":{"start":{"line":232,"column":6},"end":{"line":232,"column":null}},"99":{"start":{"line":234,"column":21},"end":{"line":234,"column":null}},"100":{"start":{"line":235,"column":4},"end":{"line":235,"column":null}},"101":{"start":{"line":239,"column":19},"end":{"line":239,"column":null}},"102":{"start":{"line":240,"column":4},"end":{"line":260,"column":null}},"103":{"start":{"line":241,"column":12},"end":{"line":241,"column":null}},"104":
[...]
column":23},"end":{"line":27,"column":48}}],"line":27},"4":{"loc":{"start":{"line":29,"column":14},"end":{"line":29,"column":null}},"type":"cond-expr","locations":[{"start":{"line":29,"column":41},"end":{"line":29,"column":48}},{"start":{"line":29,"column":48},"end":{"line":29,"column":null}}],"line":29},"5":{"loc":{"start":{"line":30,"column":16},"end":{"line":30,"column":null}},"type":"cond-expr","locations":[{"start":{"line":30,"column":45},"end":{"line":30,"column":54}},{"start":{"line":30,"column":54},"end":{"line":30,"column":null}}],"line":30},"6":{"loc":{"start":{"line":31,"column":16},"end":{"line":31,"column":null}},"type":"cond-expr","locations":[{"start":{"line":31,"column":45},"end":{"line":31,"column":54}},{"start":{"line":31,"column":54},"end":{"line":31,"column":null}}],"line":31},"7":{"loc":{"start":{"line":32,"column":19},"end":{"line":32,"column":null}},"type":"cond-expr","locations":[{"start":{"line":32,"column":51},"end":{"line":32,"column":63}},{"start":{"line":32,"column":63},"end":{"line":32,"column":null}}],"line":32},"8":{"loc":{"start":{"line":33,"column":13},"end":{"line":33,"column":null}},"type":"cond-expr","locations":[{"start":{"line":33,"column":39},"end":{"line":33,"column":45}},{"start":{"line":33,"column":45},"end":{"line":33,"column":null}}],"line":33},"9":{"loc":{"start":{"line":34,"column":20},"end":{"line":34,"column":null}},"type":"cond-expr","locations":[{"start":{"line":34,"column":75},"end":{"line":34,"column":88}},{"start":{"line":34,"column":88},"end":{"line":34,"column":null}}],"line":34},"10":{"loc":{"start":{"line":34,"column":20},"end":{"line":34,"column":75}},"type":"binary-expr","locations":[{"start":{"line":34,"column":20},"end":{"line":34,"column":45}},{"start":{"line":34,"column":45},"end":{"line":34,"column":75}}],"line":34},"11":{"loc":{"start":{"line":35,"column":22},"end":{"line":35,"column":null}},"type":"cond-expr","locations":[{"start":{"line":35,"column":106},"end":{"line":35,"column":121}},{"start":{"line":35,"column":121},"end":{"line":35,"column":null}}],"line":35},"12":{"loc":{"start":{"line":35,"column":22},"end":{"line":35,"column":106}},"type":"binary-expr","locations":[{"start":{"line":35,"column":22},"end":{"line":35,"column":49}},{"start":{"line":35,"column":49},"end":{"line":35,"column":79}},{"start":{"line":35,"column":79},"end":{"line":35,"column":106}}],"line":35},"13":{"loc":{"start":{"line":36,"column":18},"end":{"line":36,"column":null}},"type":"cond-expr","locations":[{"start":{"line":36,"column":50},"end":{"line":36,"column":61}},{"start":{"line":36,"column":61},"end":{"line":36,"column":null}}],"line":36},"14":{"loc":{"start":{"line":37,"column":17},"end":{"line":37,"column":null}},"type":"cond-expr","locations":[{"start":{"line":37,"column":47},"end":{"line":37,"column":57}},{"start":{"line":37,"column":57},"end":{"line":37,"column":null}}],"line":37},"15":{"loc":{"start":{"line":38,"column":21},"end":{"line":38,"column":null}},"type":"cond-expr","locations":[{"start":{"line":38,"column":55},"end":{"line":38,"column":69}},{"start":{"line":38,"column":57},"end":{"line":38,"column":null}}],"line":38},"16":{"loc":{"start":{"line":39,"column":21},"end":{"line":39,"column":null}},"type":"cond-expr","locations":[{"start":{"line":39,"column":55},"end":{"line":39,"column":69}},{"start":{"line":39,"column":69},"end":{"line":39,"column":null}}],"line":39},"17":{"loc":{"start":{"line":42,"column":21},"end":{"line":42,"column":35}},"type":"binary-expr","locations":[{"start":{"line":42,"column":21},"end":{"line":42,"column":29}},{"start":{"line":42,"column":29},"end":{"line":42,"column":35}}],"line":42},"18":{"loc":{"start":{"line":45,"column":49},"end":{"line":45,"column":91}},"type":"cond-expr","locations":[{"start":{"line":45,"column":70},"end":{"line":45,"column":82}},{"start":{"line":45,"column":82},"end":{"line":45,"column":91}}],"line":45},"19":{"loc":{"start":{"line":84,"column":11},"end":{"line":84,"column":null}},"type":"binary-expr","locations":[{"start":{"line":84,"column":11},"end":{"line":84,"column":45}},{"start":{"line":84,"column":45},"end":{"line":84,"column":null}}],"line":84},"20":{"loc":{"start":{"line":93,"column":15},"end":{"line":93,"column":null}},"type":"binary-expr","locations":[{"start":{"line":93,"column":15},"end":{"line":93,"column":26}},{"start":{"line":93,"column":26},"end":{"line":93,"column":null}}],"line":93},"21":{"loc":{"start":{"line":94,"column":4},"end":{"line":96,"column":null}},"type":"if","locations":[{"start":{"line":94,"column":4},"end":{"line":96,"column":null}},{"start":{},"end":{}}],"line":94},"22":{"loc":{"start":{"line":110,"column":4},"end":{"line":112,"column":null}},"type":"if","locations":[{"start":{"line":110,"column":4},"end":{"line":112,"column":null}},{"start":{},"end":{}}],"line":110},"23":{"loc":{"start":{"line":127,"column":4},"end":{"line":129,"column":null}},"type":"if","locations":[{"start":{"line":127,"column":4},"end":{"line":129,"column":null}},{"start":{},"end":{}}],"line":127},"24":{"loc":{"start":{"line":140,"column":6},"end":{"line":142,"column":null}},"type":"if","locations":[{"start":{"line":140,"column":6},"end":{"line":142,"column":null}},{"start":{},"end":{}}],"line":140},"25":{"loc":{"start":{"line":146,"column":6},"end":{"line":148,"column":null}},"type":"if","locations":[{"start":{"line":146,"column":6},"end":{"line":148,"column":null}},{"start":{},"end":{}}],"line":146},"26":{"loc":{"start":{"line":161,"column":2},"end":{"line":161,"column":null}},"type":"if","locations":[{"start":{"line":161,"column":2},"end":{"line":161,"column":null}},{"start":{},"end":{}}],"line":161},"27":{"loc":{"start":{"line":161,"column":6},"end":{"line":161,"column":31}},"type":"binary-expr","locations":[{"start":{"line":161,"column":6},"end":{"line":161,"column":19}},{"start":{"line":161,"column":19},"end":{"line":161,"column":31}}],"line":161}},"s":{"0":1,"1":4,"2":4,"3":1,"4":3,"5":3,"6":3,"7":3,"8":1,"9":6,"10":6,"11":6,"12":1,"13":0,"14":2,"15":0,"16":0,"17":2,"18":19,"19":18,"20":103,"21":1,"22":1,"23":6,"24":11,"25":3,"26":3,"27":3,"28":15,"29":1,"30":2,"31":2,"32":2,"33":2,"34":2,"35":2,"36":13,"37":2,"38":1,"39":1,"40":1,"41":1,"42":1,"43":1,"44":2,"45":2,"46":13,"47":2,"48":1,"49":1,"50":2,"51":2,"52":2,"53":2,"54":2,"55":10,"56":37,"57":10,"58":9,"59":10,"60":13,"61":4,"62":2,"63":5,"64":1,"65":2,"66":0,"67":2,"68":2,"69":2},"f":{"0":4,"1":6,"2":6,"3":0,"4":2,"5":0,"6":0,"7":2,"8":19,"9":103,"10":1,"11":6,"12":11,"13":3,"14":15,"15":2,"16":13,"17":2,"18":13,"19":2,"20":37,"21":5,"22":2},"b":{"0":[1,3],"1":[1,2],"2":[6,0],"3":[6,6],"4":[6,0],"5":[6,0],"6":[1,5],"7":[5,1],"8":[1,5],"9":[1,5],"10":[6,5],"11":[1,5],"12":[6,5,5],"13":[6,0],"14":[5,1],"15":[5,1],"16":[0,6],"17":[6,5],"18":[1,0],"19":[1,1],"20":[3,0],"21":[1,2],"22":[1,1],"23":[1,1],"24":[9,1],"25":[4,9],"26":[0,2],"27":[2,1]},"meta":{"lastBranch":28,"lastFunction":23,"lastStatement":70,"seen":{"s:17:6:17:Infinity":0,"f:19:9:19:20":0,"s:20:12:20:Infinity":1,"b:21:2:21:Infinity:undefined:undefined:undefined:undefined":0,"s:21:2:21:Infinity":2,"s:21:10:21:Infinity":3,"s:22:2:46:Infinity":4,"s:23:19:23:Infinity":5,"b:24:4:24:Infinity:undefined:undefined:undefined:undefined":1,"s:24:4:24:Infinity":6,"s:24:32:24:Infinity":7,"s:25:4:42:Infinity":8,"f:26:11:26:12":1,"s:27:18:27:Infinity":9,"b:27:48:27:80:27:80:27:Infinity":2,"b:27:18:27:23:27:23:27:48":3,"s:28:8:40:Infinity":10,"b:29:41:29:48:29:48:29:Infinity":4,"b:30:45:30:54:30:54:30:Infinity":5,"b:31:45:31:54:31:54:31:Infinity":6,"b:32:51:32:63:32:63:32:Infinity":7,"b:33:39:33:45:33:45:33:Infinity":8,"b:34:75:34:88:34:88:34:Infinity":9,"b:34:20:34:45:34:45:34:75":10,"b:35:106:35:121:35:121:35:Infinity":11,"b:35:22:35:49:35:49:35:79:35:79:35:106":12,"b:36:50:36:61:36:61:36:Infinity":13,"b:37:47:37:57:37:57:37:Infinity":14,"b:38:55:38:69:38:57:38:Infinity":15,"b:39:55:39:69:39:69:39:Infinity":16,"f:42:14:42:15":2,"s:42:21:42:35":11,"b:42:21:42:29:42:29:42:35":17,"s:45:4:45:Infinity":12,"b:45:70:45:82:45:82:45:91":18,"f:49:9:49:24":3,"s:50:2:50:Infinity":13,"f:53:9:53:26":4,"s:54:2:70:Infinity":14,"f:67:14:67:15":5,"s:67:25:67:Infinity":15,"f:68:16:68:17":6,"s:68:26:68:Infinity":16,"f:74:2:74:22":7,"s:74:22:74:48":17,"f:76:8:76:32":8,"s:77:21:77:Infinity":18,"s:79:4:79:Infinity":19,"f:79:26:79:27":9,"s:79:36:79:53":20,"f:82:8:82:12":10,"s:83:18:83:Infinity":21,"s:84:4:84:Infinity":22,"b:84:11:84:45:84:45:84:Infinity":19,"f:84:22:84:23":11,"s:84:29:84:40":23,"f:87:16:87:25":12,"s:88:4:88:Infinity":24,"f:91:8:91:15":13,"s:92:16:92:Infinity":25,"s:93:15:93:Infinity":26,"b:93:15:93:26:93:26:93:Infinity":20,"b:94:4:96:Infinity:undefined:undefined:undefined:undefined":21,"s:94:4:96:Infinity":27,"f:94:17:94:18":14,"s:94:24:94:35":28,"s:95:6:95:Infinity":29,"s:97:10:97:Infinity":30,"s:98:26:102:Infinity":31,"s:103:4:103:Infinity":32,"s:104:4:104:Infinity":33,"f:107:8:107:15":15,"s:108:16:108:Infinity":34,"s:109:16:109:Infinity":35,"f:109:30:109:31":16,"s:109:37:109:48":36,"b:110:4:112:Infinity:undefined:undefined:undefined:undefined":22,"s:110:4:112:Infinity":37,"s:111:6:111:Infinity":38,"s:113:26:117:Infinity":39,"s:118:17:118:Infinity":40,"s:119:4:119:Infinity":41,"s:120:4:120:Infinity":42,"s:121:4:121:Infinity":43,"f:124:8:124:15":17,"s:125:16:125:Infinity":44,"s:126:21:126:Infinity":45,"f:126:32:126:33":18,"s:126:39:126:50":46,"b:127:4:129:Infinity:undefined:undefined:undefined:undefined":23,"s:127:4:129:Infinity":47,"s:128:6:128:Infinity":48,"s:130:4:130:Infinity":49,"f:133:8:133:16":19,"s:134:16:134:Infinity":50,"s:135:18:135:Infinity":51,"s:136:30:136:Infinity":52,"s:138:4:143:Infinity":53,"s:138:17:138:20":54,"s:139:19:139:Infinity":55,"f:139:28:139:29":20,"s:139:35:139:50":56,"b:140:6:142:Infinity:undefined:undefined:undefined:undefined":24,"s:140:6:142:Infinity":57,"s:141:8:141:Infinity":58,"s:145:4:149:Infinity":59,"b:146:6:148:Infinity:undefined:undefined:undefined:undefined":25,"s:146:6:148:Infinity":60,"s:147:8:147:Infinity":61,"s:150:4:150:Infinity":62,"f:153:8:153:31":21,"s:154:4:154:Infinity":63,"s:158:35:158:Infinity":64,"f:160:16:160:30":22,"b:161:2:161:Infinity:undefined:undefined:undefined:undefined":26,"s:161:2:161:Infinity":65,"b:161:6:161:19:161:19:161:31":27,"s:161:31:161:Infinity":66,"s:162:14:162:Infinity":67,"s:163:2:163:Infinity":68,"s:164:2:164:Infinity":69}}}
,"/Users/takayukisuzuki/VYPER JAPAN Dropbox/Suzuki Takayuki/Cursor/Mailhub/lib/rakuten/extract.ts": {"path":"/Users/takayukisuzuki/VYPER JAPAN Dropbox/Suzuki Takayuki/Cursor/Mailhub/lib/rakuten/extract.ts","statementMap":{"0":{"start":{"line":12,"column":2},"end":{"line":12,"column":null}},"1":{"start":{"line":12,"column":13},"end":{"line":12,"column":null}},"2":{"start":{"line":15,"column":19},"end":{"line":15,"column":null}},"3":{"start":{"line":16,"column":17},"end":{"line":16,"column":null}},"4":{"start":{"line":17,"column":2},"end":{"line":19,"column":null}},"5":{"start":{"line":18,"column":4},"end":{"line":18,"column":null}},"6":{"start":{"line":22,"column":19},"end":{"line":22,"column":null}},"7":{"start":{"line":23,"column":17},"end":{"line":23,"column":null}},"8":{"start":{"line":24,"column":2},"end":{"line":26,"column":null}},"9":{"start":{"line":25,"column":4},"end":{"line":25,"column":null}},"10":{"start":{"line":29,"column":19},"end":{"line":29,"column":null}},"11":{"start":{"line":30,"column":17},"end":{"line":30,"column":null}},"12":{"start":{"line":31,"column":2},"end":{"line":33,"column":null}},"13":{"start":{"line":32,"column":4},"end":{"line":32,"column":null}},"14":{"start":{"line":36,"column":19},"end":{"line":36,"column":null}},"15":{"start":{"line":37,"column":17},"end":{"line":37,"column":null}},"16":{"start":{"line":38,"column":2},"end":{"line":40,"column":null}},"17":{"start":{"line":39,"column":4},"end":{"line":39,"column":null}},"18":{"start":{"line":43,"column":19},"end":{"line":43,"column":null}},"19":{"start":{"line":44,"column":17},"end":{"line":44,"column":null}},"20":{"start":{"line":45,"column":2},"end":{"line":47,"column":null}},"21":{"start":{"line":46,"column":4},"end":{"line":46,"column":null}},"22":{"start":{"line":49,"column":2},"end":{"line":49,"column":null}},"23":{"start":{"line":58,"column":2},"end":{"line":58,"column":null}},"24":{"start":{"line":58,"column":13},"end":{"line":58,"column":null}},"25":{"start":{"line":61,"column":19},"end":{"line":61,"column":null}},"26":{"start":{"line":62,"column":17},"end":{"line":62,"column":null}},"27":{"start":{"line":63,"column":2},"end":{"line":65,"column":null}},"28":{"start":{"line":64,"column":4},"end":{"line":64,"column":null}},"29":{"start":{"line":68,"column":19},"end":{"line":68,"column":null}},"30":{"start":{"line":69,"column":17},"end":{"line":69,"column":null}},"31":{"start":{"line":70,"column":2},"end":{"line":72,"column":null}},"32":{"start":{"line":71,"column":4},"end":{"line":71,"column":null}},"33":{"start":{"line":75,"column":19},"end":{"line":75,"column":null}},"34":{"start":{"line":76,"column":17},"end":{"line":76,"column":null}},"35":{"start":{"line":77,"column":2},"end":{"line":79,"column":null}},"36":{"start":{"line":78,"column":4},"end":{"line":78,"column":null}},"37":{"start":{"line":81,"column":2},"end":{"line":81,"column":null}}},"fnMap":{"0":{"name":"extractInquiryNumber","decl":{"start":{"line":11,"column":16},"end":{"line":11,"column":37}},"loc":{"start":{"line":11,"column":66},"end":{"line":50,"column":null}},"line":11},"1":{"name":"extractOrderNumber","decl":{"start":{"line":57,"column":16},"end":{"line":57,"column":35}},"loc":{"start":{"line":57,"column":64},"end":{"line":82,"column":null}},"line":57}},"branchMap":{"0":{"loc":{"start":{"line":12,"column":2},"end":{"line":12,"column":null}},"type":"if","locations":[{"start":{"line":12,"column":2},"end":{"line":12,"column":null}},{"start":{},"end":{}}],"line":12},"1":{"loc":{"start":{"line":17,"column":2},"end":{"line":19,"column":null}},"type":"if","locations":[{"start":{"line":17,"column":2},"end":{"line":19,"column":null}},{"start":{},"end":{}}],"line":17},"2":{"loc":{"start":{"line":17,"column":6},"end":{"line":17,"column":27}},"type":"binary-expr","locations":[{"start":{"line":17,"column":6},"end":{"line":17,"column":16}},{"start":{"line":17,"column":16},"end":{"line":17,"column":27}}],"line":17},"3":{"loc":{"start":{"line":24,"column":2},"end":{"line":26,"column":null}},"type":"if","locations":[{"start":{"line":24,"column":2},"end":{"line":26,"column":null}},{"start":{},"end":{}}],"line":24},"4":{"loc":{"start":{"line":24,"column":6},"end":{"line":24,"column":27}},"type":"binary-expr","locations":[{"start":{"line":24,"column":6},"end":{"line":24,"column":16}},{"start":{"line":24,"column":16},"end":{"line":24,"column":27}}],"line":24},"5":{"loc":{"start":{"line":31,"column":2},"end":{"line":33,"column":null}},"type":"if","locations":[{"start":{"line":31,"column":2},"end":{"line":33,"column":null}},{"start":{},"end":{}}],"line":31},"6":{"loc":{"start":{"line":31,"column":6},"end":{"line":31,"column":27}},"type":"binary-expr","locations":[{"start":{"line":31,"column":6},"end":{"line":31,"column":16}},{"start":{"line":31,"column":16},"end":{"line":31,"column":27}}],"line":31},"7":{"loc":{"start":{"line":38,"column":2},"end":{"line":40,"column":null}},"type":"if","locations":[{"start":{"line":38,"column":2},"end":{"line":40,"column":null}},{"start":{},"end":{}}],"line":38},"8":{"loc":{"start":{"line":38,"column":6},"end":{"line":38,"column":27}},"type":"binary-expr","locations":[{"start":{"line":38,"column":6},"end":{"line":38,"column":16}},{"start":{"line":38,"column":16},"end":{"line":38,"column":27}}],"line":38},"9":{"loc":{"start":{"line":45,"column":2},"end":{"line":47,"column":null}},"type":"if","locations":[{"start":{"line":45,"column":2},"end":{"line":47,"column":null}},{"start":{},"end":{}}],"line":45},"10":{"loc":{"start":{"line":45,"column":6},"end":{"line":45,"column":27}},"type":"binary-expr","locations":[{"start":{"line":45,"column":6},"end":{"line":45,"column":16}},{"start":{"line":45,"column":16},"end":{"line":45,"column":27}}],"line":45},"11":{"loc":{"start":{"line":58,"column":2},"end":{"line":58,"column":null}},"type":"if","locations":[{"start":{"line":58,"column":2},"end":{"line":58,"column":null}},{"start":{},"end":{}}],"line":58},"12":{"loc":{"start":{"line":63,"column":2},"end":{"line":65,"column":null}},"type":"if","locations":[{"start":{"line":63,"column":2},"end":{"line":65,"column":null}},{"start":{},"end":{}}],"line":63},"13":{"loc":{"start":{"line":63,"column":6},"end":{"line":63,"column":27}},"type":"binary-expr","locations":[{"start":{"line":63,"column":6},"end":{"line":63,"column":16}},{"start":{"line":63,"column":16},"end":{"line":63,"column":27}}],"line":63},"14":{"loc":{"start":{"line":70,"column":2},"end":{"line":72,"column":null}},"type":"if","locations":[{"start":{"line":70,"column":2},"end":{"line":72,"column":null}},{"start":{},"end":{}}],"line":70},"15":{"loc":{"start":{"line":70,"column":6},"end":{"line":70,"column":27}},"type":"binary-expr","locations":[{"start":{"line":70,"column":6},"end":{"line":70,"column":16}},{"start":{"line":70,"column":16},"end":{"line":70,"column":27}}],"line":70},"16":{"loc":{"start":{"line":77,"column":2},"end":{"line":79,"column":null}},"type":"if","locations":[{"start":{"line":77,"column":2},"end":{"line":79,"column":null}},{"start":{},"end":{}}],"line":77},"17":{"loc":{"start":{"line":77,"column":6},"end":{"line":77,"column":27}},"type":"binary-expr","locations":[{"start":{"line":77,"column":6},"end":{"line":77,"column":16}},{"start":{"line":77,"column":16},"end":{"line":77,"column":27}}],"line":77}},"s":{"0":31,"1":1,"2":30,"3":30,"4":30,"5":10,"6":20,"7":20,"8":20,"9":1,"10":19,"11":19,"12":19,"13":0,"14":19,"15":19,"16":19,"17":1,"18":18,"19":18,"20":18,"21":1,"22":17,"23":8,"24":1,"25":7,"26":7,"27":7,"28":4,"29":3,"30":3,"31":3,"32":1,"33":2,"34":2,"35":2,"36":1,"37":1},"f":{"0":31,"1":8},"b":{"0":[1,30],"1":[10,20],"2":[30,10],"3":[1,19],"4":[20,1],"5":[0,19],"6":[19,0],"7":[1,18],"8":[19,1],"9":[1,17],"10":[18,1],"11":[1,7],"12":[4,3],"13":[7,4],"14":[1,2],"15":[3,1],"16":[1,1],"17":[2,1]},"meta":{"lastBranch":18,"lastFunction":2,"lastStatement":38,"seen":{"f:11:16:11:37":0,"b:12:2:12:Infinity:undefined:undefined:undefined:undefined":0,"s:12:2:12:Infinity":0,"s:12:13:12:Infinity":1,"s:15:19:15:Infinity":2,"s:16:17:16:Infinity":3,"b:17:2:19:Infinity:undefined:undefined:undefined:undefined":1,"s:17:2:19:Infinity":4,"b:17:6:17:16:17:16:17:27":2,"s:18:4:18:Infinity":5,"s:22:19:22:Infinity":6,"s:23:17:23:Infinity":7,"b:24:2:26:Infinity:undefined:undefined:undefined:undefined":3,"s:24:2:26:Infinity":8,"b:24:6:24:16:24:16:24:27":4,"s:25:4:25:Infinity":9,"s:29:19:29:Infinity":10,"s:30:17:30:Infinity":11,"b:31:2:33:Infinity:undefined:undefined:undefined:undefined":5,"s:31:2:33:Infinity":12,"b:31:6:31:16:31:16:31:27":6,"s:32:4:32:Infinity":13,"s:36:19:36:Infinity":14,"s:37:17:37:Infinity":15,"b:38:2:40:Infinity:undefined:undefined:undefined:undefined":7,"s:38:2:40:Infinity":16,"b:38:6:38:16:38:16:38:27":8,"s:39:4:39:Infinity":17,"s:43:19:43:Infinity":18,"s:44:17:44:Infinity":19,"b:45:2:47:Infinity:undefined:undefined:undefined:undefined":9,"s:45:2:47:Infinity":20,"b:45:6:45:16:45:16:45:27":10,"s:46:4:46:Infinity":21,"s:49:2:49:Infinity":22,"f:57:16:57:35":1,"b:58:2:58:Infinity:undefined:undefined:undefined:undefined":11,"s:58:2:58:Infinity":23,"s:58:13:58:Infinity":24,"s:61:19:61:Infinity":25,"s:62:17:62:Infinity":26,"b:63:2:65:Infinity:undefined:undefined:undefined:undefined":12,"s:63:2:65:Infinity":27,"b:63:6:63:16:63:16:63:27":13,"s:64:4:64:Infinity":28,"s:68:19:68:Infinity":29,"s:69:17:69:Infinity":30,"b:70:2:72:Infinity:undefined:undefined:undefined:undefined":14,"s:70:2:72:Infinity":31,"b:70:6:70:16:70:16:70:27":15,"s:71:4:71:Infinity":32,"s:75:19:75:Infinity":33,"s:76:17:76:Infinity":34,"b:77:2:79:Infinity:undefined:undefined:undefined:undefined":16,"s:77:2:79:Infinity":35,"b:77:6:77:16:77:16:77:27":17,"s:78:4:78:Infinity":36,"s:81:2:81:Infinity":37}}}
}
