{"/Users/takayukisuzuki/VYPER JAPAN Dropbox/Suzuki Takayuki/Cursor/Mailhub/lib/replyRouter.ts": {"path":"/Users/takayukisuzuki/VYPER JAPAN Dropbox/Suzuki Takayuki/Cursor/Mailhub/lib/replyRouter.ts","statementMap":{"0":{"start":{"line":22,"column":2},"end":{"line":24,"column":null}},"1":{"start":{"line":23,"column":4},"end":{"line":23,"column":null}},"2":{"start":{"line":27,"column":18},"end":{"line":27,"column":null}},"3":{"start":{"line":30,"column":26},"end":{"line":39,"column":null}},"4":{"start":{"line":42,"column":32},"end":{"line":42,"column":null}},"5":{"start":{"line":43,"column":2},"end":{"line":43,"column":null}},"6":{"start":{"line":43,"column":23},"end":{"line":43,"column":null}},"7":{"start":{"line":44,"column":2},"end":{"line":44,"column":null}},"8":{"start":{"line":44,"column":20},"end":{"line":44,"column":null}},"9":{"start":{"line":45,"column":2},"end":{"line":45,"column":null}},"10":{"start":{"line":45,"column":23},"end":{"line":45,"column":null}},"11":{"start":{"line":46,"column":2},"end":{"line":46,"column":null}},"12":{"start":{"line":46,"column":29},"end":{"line":46,"column":null}},"13":{"start":{"line":48,"column":23},"end":{"line":48,"column":null}},"14":{"start":{"line":51,"column":28},"end":{"line":53,"column":null}},"15":{"start":{"line":52,"column":4},"end":{"line":52,"column":null}},"16":{"start":{"line":55,"column":2},"end":{"line":57,"column":null}},"17":{"start":{"line":56,"column":4},"end":{"line":56,"column":null}},"18":{"start":{"line":60,"column":2},"end":{"line":60,"column":null}}},"fnMap":{"0":{"name":"routeReply","decl":{"start":{"line":17,"column":16},"end":{"line":17,"column":null}},"loc":{"start":{"line":20,"column":14},"end":{"line":61,"column":null}},"line":20},"1":{"name":"(anonymous_1)","decl":{"start":{"line":51,"column":49},"end":{"line":51,"column":50}},"loc":{"start":{"line":52,"column":4},"end":{"line":52,"column":null}},"line":52}},"branchMap":{"0":{"loc":{"start":{"line":22,"column":2},"end":{"line":24,"column":null}},"type":"if","locations":[{"start":{"line":22,"column":2},"end":{"line":24,"column":null}},{"start":{},"end":{}}],"line":22},"1":{"loc":{"start":{"line":43,"column":2},"end":{"line":43,"column":null}},"type":"if","locations":[{"start":{"line":43,"column":2},"end":{"line":43,"column":null}},{"start":{},"end":{}}],"line":43},"2":{"loc":{"start":{"line":44,"column":2},"end":{"line":44,"column":null}},"type":"if","locations":[{"start":{"line":44,"column":2},"end":{"line":44,"column":null}},{"start":{},"end":{}}],"line":44},"3":{"loc":{"start":{"line":45,"column":2},"end":{"line":45,"column":null}},"type":"if","locations":[{"start":{"line":45,"column":2},"end":{"line":45,"column":null}},{"start":{},"end":{}}],"line":45},"4":{"loc":{"start":{"line":46,"column":2},"end":{"line":46,"column":null}},"type":"if","locations":[{"start":{"line":46,"column":2},"end":{"line":46,"column":null}},{"start":{},"end":{}}],"line":46},"5":{"loc":{"start":{"line":55,"column":2},"end":{"line":57,"column":null}},"type":"if","locations":[{"start":{"line":55,"column":2},"end":{"line":57,"column":null}},{"start":{},"end":{}}],"line":55}},"s":{"0":30,"1":1,"2":29,"3":29,"4":29,"5":29,"6":28,"7":29,"8":29,"9":29,"10":29,"11":29,"12":29,"13":29,"14":29,"15":111,"16":29,"17":19,"18":10},"f":{"0":30,"1":111},"b":{"0":[1,29],"1":[28,1],"2":[28,1],"3":[28,1],"4":[28,1],"5":[19,10]},"meta":{"lastBranch":6,"lastFunction":2,"lastStatement":19,"seen":{"f:17:16:17:Infinity":0,"b:22:2:24:Infinity:undefined:undefined:undefined:undefined":0,"s:22:2:24:Infinity":0,"s:23:4:23:Infinity":1,"s:27:18:27:Infinity":2,"s:30:26:39:Infinity":3,"s:42:32:42:Infinity":4,"b:43:2:43:Infinity:undefined:undefined:undefined:undefined":1,"s:43:2:43:Infinity":5,"s:43:23:43:Infinity":6,"b:44:2:44:Infinity:undefined:undefined:undefined:undefined":2,"s:44:2:44:Infinity":7,"s:44:20:44:Infinity":8,"b:45:2:45:Infinity:undefined:undefined:undefined:undefined":3,"s:45:2:45:Infinity":9,"s:45:23:45:Infinity":10,"b:46:2:46:Infinity:undefined:undefined:undefined:undefined":4,"s:46:2:46:Infinity":11,"s:46:29:46:Infinity":12,"s:48:23:48:Infinity":13,"s:51:28:53:Infinity":14,"f:51:49:51:50":1,"s:52:4:52:Infinity":15,"b:55:2:57:Infinity:undefined:undefined:undefined:undefined":5,"s:55:2:57:Infinity":16,"s:56:4:56:Infinity":17,"s:60:2:60:Infinity":18}}}
,"/Users/takayukisuzuki/VYPER JAPAN Dropbox/Suzuki Takayuki/Cursor/Mailhub/lib/rakuten/extract.ts": {"path":"/Users/takayukisuzuki/VYPER JAPAN Dropbox/Suzuki Takayuki/Cursor/Mailhub/lib/rakuten/extract.ts","statementMap":{"0":{"start":{"line":12,"column":2},"end":{"line":12,"column":null}},"1":{"start":{"line":12,"column":13},"end":{"line":12,"column":null}},"2":{"start":{"line":15,"column":19},"end":{"line":15,"column":null}},"3":{"start":{"line":16,"column":17},"end":{"line":16,"column":null}},"4":{"start":{"line":17,"column":2},"end":{"line":19,"column":null}},"5":{"start":{"line":18,"column":4},"end":{"line":18,"column":null}},"6":{"start":{"line":22,"column":19},"end":{"line":22,"column":null}},"7":{"start":{"line":23,"column":17},"end":{"line":23,"column":null}},"8":{"start":{"line":24,"column":2},"end":{"line":26,"column":null}},"9":{"start":{"line":25,"column":4},"end":{"line":25,"column":null}},"10":{"start":{"line":29,"column":19},"end":{"line":29,"column":null}},"11":{"start":{"line":30,"column":17},"end":{"line":30,"column":null}},"12":{"start":{"line":31,"column":2},"end":{"line":33,"column":null}},"13":{"start":{"line":32,"column":4},"end":{"line":32,"column":null}},"14":{"start":{"line":36,"column":19},"end":{"line":36,"column":null}},"15":{"start":{"line":37,"column":17},"end":{"line":37,"column":null}},"16":{"start":{"line":38,"column":2},"end":{"line":40,"column":null}},"17":{"start":{"line":39,"column":4},"end":{"line":39,"column":null}},"18":{"start":{"line":43,"column":19},"end":{"line":43,"column":null}},"19":{"start":{"line":44,"column":17},"end":{"line":44,"column":null}},"20":{"start":{"line":45,"column":2},"end":{"line":47,"column":null}},"21":{"start":{"line":46,"column":4},"end":{"line":46,"column":null}},"22":{"start":{"line":49,"column":2},"end":{"line":49,"column":null}},"23":{"start":{"line":58,"column":2},"end":{"line":58,"column":null}},"24":{"start":{"line":58,"column":13},"end":{"line":58,"column":null}},"25":{"start":{"line":61,"column":19},"end":{"line":61,"column":null}},"26":{"start":{"line":62,"column":17},"end":{"line":62,"column":null}},"27":{"start":{"line":63,"column":2},"end":{"line":65,"column":null}},"28":{"start":{"line":64,"column":4},"end":{"line":64,"column":null}},"29":{"start":{"line":68,"column":19},"end":{"line":68,"column":null}},"30":{"start":{"line":69,"column":17},"end":{"line":69,"column":null}},"31":{"start":{"line":70,"column":2},"end":{"line":72,"column":null}},"32":{"start":{"line":71,"column":4},"end":{"line":71,"column":null}},"33":{"start":{"line":75,"column":19},"end":{"line":75,"column":null}},"34":{"start":{"line":76,"column":17},"end":{"line":76,"column":null}},"35":{"start":{"line":77,"column":2},"end":{"line":79,"column":null}},"36":{"start":{"line":78,"column":4},"end":{"line":78,"column":null}},"37":{"start":{"line":81,"column":2},"end":{"line":81,"column":null}}},"fnMap":{"0":{"name":"extractInquiryNumber","decl":{"start":{"line":11,"column":16},"end":{"line":11,"column":37}},"loc":{"start":{"line":11,"column":66},"end":{"line":50,"column":null}},"line":11},"1":{"name":"extractOrderNumber","decl":{"start":{"line":57,"column":16},"end":{"line":57,"column":35}},"loc":{"start":{"line":57,"column":64},"end":{"line":82,"column":null}},"line":57}},"branchMap":{"0":{"loc":{"start":{"line":12,"column":2},"end":{"line":12,"column":null}},"type":"if","locations":[{"start":{"line":12,"column":2},"end":{"line":12,"column":null}},{"start":{},"end":{}}],"line":12},"1":{"loc":{"start":{"line":17,"column":2},"end":{"line":19,"column":null}},"type":"if","locations":[{"start":{"line":17,"column":2},"end":{"line":19,"column":null}},{"start":{},"end":{}}],"line":17},"2":{"loc":{"start":{"line":17,"column":6},"end":{"line":17,"column":27}},"type":"binary-expr","locations":[{"start":{"line":17,"column":6},"end":{"line":17,"column":16}},{"start":{"line":17,"column":16},"end":{"line":17,"column":27}}],"line":17},"3":{"loc":{"start":{"line":24,"column":2},"end":{"line":26,"column":null}},"type":"if","locations":[{"start":{"line":24,"column":2},"end":{"line":26,"column":null}},{"start":{},"end":{}}],"line":24},"4":{"loc":{"start":{"line":24,"column":6},"end":{"line":24,"column":27}},"type":"binary-expr","locations":[{"start":{"line":24,"column":6},"end":{"line":24,"column":16}},{"start":{"line":24,"column":16},"end":{"line":24,"column":27}}],"line":24},"5":{"loc":{"start":{"line":31,"column":2},"end":{"line":33,"column":null}},"type":"if","locations":[{"start":{"line":31,"column":2},"end":{"line":33,"column":null}},{"start":{},"end":{}}],"line":31},"6":{"loc":{"start":{"line":31,"column":6},"end":{"line":31,"column":27}},"type":"binary-expr","locations":[{"start":{"line":31,"column":6},"end":{"line":31,"column":16}},{"start":{"line":31,"column":16},"end":{"line":31,"column":27}}],"line":31},"7":{"loc":{"start":{"line":38,"column":2},"end":{"line":40,"column":null}},"type":"if","locations":[{"start":{"line":38,"column":2},"end":{"line":40,"column":null}},{"start":{},"end":{}}],"line":38},"8":{"loc":{"start":{"line":38,"column":6},"end":{"line":38,"column":27}},"type":"binary-expr","locations":[{"start":{"line":38,"column":6},"end":{"line":38,"column":16}},{"start":{"line":38,"column":16},"end":{"line":38,"column":27}}],"line":38},"9":{"loc":{"start":{"line":45,"column":2},"end":{"line":47,"column":null}},"type":"if","locations":[{"start":{"line":45,"column":2},"end":{"line":47,"column":null}},{"start":{},"end":{}}],"line":45},"10":{"loc":{"start":{"line":45,"column":6},"end":{"line":45,"column":27}},"type":"binary-expr","locations":[{"start":{"line":45,"column":6},"end":{"line":45,"column":16}},{"start":{"line":45,"column":16},"end":{"line":45,"column":27}}],"line":45},"11":{"loc":{"start":{"line":58,"column":2},"end":{"line":58,"column":null}},"type":"if","locations":[{"start":{"line":58,"column":2},"end":{"line":58,"column":null}},{"start":{},"end":{}}],"line":58},"12":{"loc":{"start":{"line":63,"column":2},"end":{"line":65,"column":null}},"type":"if","locations":[{"start":{"line":63,"column":2},"end":{"line":65,"column":null}},{"start":{},"end":{}}],"line":63},"13":{"loc":{"start":{"line":63,"column":6},"end":{"line":63,"column":27}},"type":"binary-expr","locations":[{"start":{"line":63,"column":6},"end":{"line":63,"column":16}},{"start":{"line":63,"column":16},"end":{"line":63,"column":27}}],"line":63},"14":{"loc":{"start":{"line":70,"column":2},"end":{"line":72,"column":null}},"type":"if","locations":[{"start":{"line":70,"column":2},"end":{"line":72,"column":null}},{"start":{},"end":{}}],"line":70},"15":{"loc":{"start":{"line":70,"column":6},"end":{"line":70,"column":27}},"type":"binary-expr","locations":[{"start":{"line":70,"column":6},"end":{"line":70,"column":16}},{"start":{"line":70,"column":16},"end":{"line":70,"column":27}}],"line":70},"16":{"loc":{"start":{"line":77,"column":2},"end":{"line":79,"column":null}},"type":"if","locations":[{"start":{"line":77,"column":2},"end":{"line":79,"column":null}},{"start":{},"end":{}}],"line":77},"17":{"loc":{"start":{"line":77,"column":6},"end":{"line":77,"column":27}},"type":"binary-expr","locations":[{"start":{"line":77,"column":6},"end":{"line":77,"column":16}},{"start":{"line":77,"column":16},"end":{"line":77,"column":27}}],"line":77}},"s":{"0":10,"1":1,"2":9,"3":9,"4":9,"5":7,"6":2,"7":2,"8":2,"9":0,"10":2,"11":2,"12":2,"13":0,"14":2,"15":2,"16":2,"17":0,"18":2,"19":2,"20":2,"21":1,"22":1,"23":7,"24":1,"25":6,"26":6,"27":6,"28":4,"29":2,"30":2,"31":2,"32":0,"33":2,"34":2,"35":2,"36":1,"37":1},"f":{"0":10,"1":7},"b":{"0":[1,9],"1":[7,2],"2":[9,7],"3":[0,2],"4":[2,0],"5":[0,2],"6":[2,0],"7":[0,2],"8":[2,0],"9":[1,1],"10":[2,1],"11":[1,6],"12":[4,2],"13":[6,4],"14":[0,2],"15":[2,0],"16":[1,1],"17":[2,1]},"meta":{"lastBranch":18,"lastFunction":2,"lastStatement":38,"seen":{"f:11:16:11:37":0,"b:12:2:12:Infinity:undefined:undefined:undefined:undefined":0,"s:12:2:12:Infinity":0,"s:12:13:12:Infinity":1,"s:15:19:15:Infinity":2,"s:16:17:16:Infinity":3,"b:17:2:19:Infinity:undefined:undefined:undefined:undefined":1,"s:17:2:19:Infinity":4,"b:17:6:17:16:17:16:17:27":2,"s:18:4:18:Infinity":5,"s:22:19:22:Infinity":6,"s:23:17:23:Infinity":7,"b:24:2:26:Infinity:undefined:undefined:undefined:undefined":3,"s:24:2:26:Infinity":8,"b:24:6:24:16:24:16:24:27":4,"s:25:4:25:Infinity":9,"s:29:19:29:Infinity":10,"s:30:17:30:Infinity":11,"b:31:2:33:Infinity:undefined:undefined:undefined:undefined":5,"s:31:2:33:Infinity":12,"b:31:6:31:16:31:16:31:27":6,"s:32:4:32:Infinity":13,"s:36:19:36:Infinity":14,"s:37:17:37:Infinity":15,"b:38:2:40:Infinity:undefined:undefined:undefined:undefined":7,"s:38:2:40:Infinity":16,"b:38:6:38:16:38:16:38:27":8,"s:39:4:39:Infinity":17,"s:43:19:43:Infinity":18,"s:44:17:44:Infinity":19,"b:45:2:47:Infinity:undefined:undefined:undefined:undefined":9,"s:45:2:47:Infinity":20,"b:45:6:45:16:45:16:45:27":10,"s:46:4:46:Infinity":21,"s:49:2:49:Infinity":22,"f:57:16:57:35":1,"b:58:2:58:Infinity:undefined:undefined:undefined:undefined":11,"s:58:2:58:Infinity":23,"s:58:13:58:Infinity":24,"s:61:19:61:Infinity":25,"s:62:17:62:Infinity":26,"b:63:2:65:Infinity:undefined:undefined:undefined:undefined":12,"s:63:2:65:Infinity":27,"b:63:6:63:16:63:16:63:27":13,"s:64:4:64:Infinity":28,"s:68:19:68:Infinity":29,"s:69:17:69:Infinity":30,"b:70:2:72:Infinity:undefined:undefined:undefined:undefined":14,"s:70:2:72:Infinity":31,"b:70:6:70:16:70:16:70:27":15,"s:71:4:71:Infinity":32,"s:75:19:75:Infinity":33,"s:76:17:76:Infinity":34,"b:77:2:79:Infinity:undefined:undefined:undefined:undefined":16,"s:77:2:79:Infinity":35,"b:77:6:77:16:77:16:77:27":17,"s:78:4:78:Infinity":36,"s:81:2:81:Infinity":37}}}
}
